{"meta": {"format": 3, "version": "7.12.0", "timestamp": "2025-12-07T02:59:49.122132", "branch_coverage": false, "show_contexts": false}, "files": {"agents/__init__.py": {"executed_lines": [3, 4, 5, 7], "summary": {"covered_lines": 4, "num_statements": 4, "percent_covered": 100.0, "percent_covered_display": "100", "missing_lines": 0, "excluded_lines": 0, "percent_statements_covered": 100.0, "percent_statements_covered_display": "100"}, "missing_lines": [], "excluded_lines": [], "functions": {"": {"executed_lines": [3, 4, 5, 7], "summary": {"covered_lines": 4, "num_statements": 4, "percent_covered": 100.0, "percent_covered_display": "100", "missing_lines": 0, "excluded_lines": 0, "percent_statements_covered": 100.0, "percent_statements_covered_display": "100"}, "missing_lines": [], "excluded_lines": []}}, "classes": {"": {"executed_lines": [3, 4, 5, 7], "summary": {"covered_lines": 4, "num_statements": 4, "percent_covered": 100.0, "percent_covered_display": "100", "missing_lines": 0, "excluded_lines": 0, "percent_statements_covered": 100.0, "percent_statements_covered_display": "100"}, "missing_lines": [], "excluded_lines": []}}}, "agents/adaptive_questioner.py": {"executed_lines": [1, 15, 16, 17, 18, 20, 21, 24, 25, 36, 37, 38, 39, 40, 41, 44, 45, 50, 51, 52, 53, 54, 55, 56, 57, 58, 59, 62, 63, 76, 77, 78, 79, 80, 81, 84, 85, 100, 110, 118, 119, 121, 123, 124, 156, 173, 176, 178, 179, 180, 183, 186, 189, 190, 192, 194, 215, 218, 223, 224, 226, 229, 232, 238, 241, 248, 257, 279, 282, 285, 287, 290, 292, 295, 298, 300, 329, 352, 354, 355, 376, 378, 394, 395, 404, 414, 415, 425, 427, 428, 429, 432, 434, 449, 450, 452, 455, 457, 467, 468, 479, 481, 482, 483, 486, 488, 500, 501, 514, 516, 517, 519, 521, 531, 540, 542, 546, 547, 548, 550, 551, 552], "summary": {"covered_lines": 117, "num_statements": 126, "percent_covered": 92.85714285714286, "percent_covered_display": "93", "missing_lines": 9, "excluded_lines": 0, "percent_statements_covered": 92.85714285714286, "percent_statements_covered_display": "93"}, "missing_lines": [316, 318, 321, 322, 325, 327, 543, 544, 562], "excluded_lines": [], "functions": {"AdaptiveQuestioner.__init__": {"executed_lines": [118, 119], "summary": {"covered_lines": 2, "num_statements": 2, "percent_covered": 100.0, "percent_covered_display": "100", "missing_lines": 0, "excluded_lines": 0, "percent_statements_covered": 100.0, "percent_statements_covered_display": "100"}, "missing_lines": [], "excluded_lines": []}, "AdaptiveQuestioner._init_question_tracking": {"executed_lines": [123, 124], "summary": {"covered_lines": 2, "num_statements": 2, "percent_covered": 100.0, "percent_covered_display": "100", "missing_lines": 0, "excluded_lines": 0, "percent_statements_covered": 100.0, "percent_statements_covered_display": "100"}, "missing_lines": [], "excluded_lines": []}, "AdaptiveQuestioner.prioritize_questions": {"executed_lines": [173, 176, 178, 179, 180, 183, 186, 189, 190, 192], "summary": {"covered_lines": 10, "num_statements": 10, "percent_covered": 100.0, "percent_covered_display": "100", "missing_lines": 0, "excluded_lines": 0, "percent_statements_covered": 100.0, "percent_statements_covered_display": "100"}, "missing_lines": [], "excluded_lines": []}, "AdaptiveQuestioner._calculate_question_priority": {"executed_lines": [215, 218, 223, 224, 226, 229, 232, 238, 241, 248], "summary": {"covered_lines": 10, "num_statements": 10, "percent_covered": 100.0, "percent_covered_display": "100", "missing_lines": 0, "excluded_lines": 0, "percent_statements_covered": 100.0, "percent_statements_covered_display": "100"}, "missing_lines": [], "excluded_lines": []}, "AdaptiveQuestioner._compute_priority_score": {"executed_lines": [279, 282, 285, 287, 290, 292, 295, 298], "summary": {"covered_lines": 8, "num_statements": 8, "percent_covered": 100.0, "percent_covered_display": "100", "missing_lines": 0, "excluded_lines": 0, "percent_statements_covered": 100.0, "percent_statements_covered_display": "100"}, "missing_lines": [], "excluded_lines": []}, "AdaptiveQuestioner.get_suggested_answer": {"executed_lines": [], "summary": {"covered_lines": 0, "num_statements": 6, "percent_covered": 0.0, "percent_covered_display": "0", "missing_lines": 6, "excluded_lines": 0, "percent_statements_covered": 0.0, "percent_statements_covered_display": "0"}, "missing_lines": [316, 318, 321, 322, 325, 327], "excluded_lines": []}, "AdaptiveQuestioner.record_question_outcome": {"executed_lines": [352, 354, 355, 376], "summary": {"covered_lines": 4, "num_statements": 4, "percent_covered": 100.0, "percent_covered_display": "100", "missing_lines": 0, "excluded_lines": 0, "percent_statements_covered": 100.0, "percent_statements_covered_display": "100"}, "missing_lines": [], "excluded_lines": []}, "AdaptiveQuestioner.update_question_outcome": {"executed_lines": [394, 395], "summary": {"covered_lines": 2, "num_statements": 2, "percent_covered": 100.0, "percent_covered_display": "100", "missing_lines": 0, "excluded_lines": 0, "percent_statements_covered": 100.0, "percent_statements_covered_display": "100"}, "missing_lines": [], "excluded_lines": []}, "AdaptiveQuestioner._get_skip_probability": {"executed_lines": [414, 415, 425, 427, 428, 429, 432], "summary": {"covered_lines": 7, "num_statements": 7, "percent_covered": 100.0, "percent_covered_display": "100", "missing_lines": 0, "excluded_lines": 0, "percent_statements_covered": 100.0, "percent_statements_covered_display": "100"}, "missing_lines": [], "excluded_lines": []}, "AdaptiveQuestioner._get_suggested_answer_confidence": {"executed_lines": [449, 450, 452, 455], "summary": {"covered_lines": 4, "num_statements": 4, "percent_covered": 100.0, "percent_covered_display": "100", "missing_lines": 0, "excluded_lines": 0, "percent_statements_covered": 100.0, "percent_statements_covered_display": "100"}, "missing_lines": [], "excluded_lines": []}, "AdaptiveQuestioner._get_suggestion_acceptance_rate": {"executed_lines": [467, 468, 479, 481, 482, 483, 486], "summary": {"covered_lines": 7, "num_statements": 7, "percent_covered": 100.0, "percent_covered_display": "100", "missing_lines": 0, "excluded_lines": 0, "percent_statements_covered": 100.0, "percent_statements_covered_display": "100"}, "missing_lines": [], "excluded_lines": []}, "AdaptiveQuestioner._get_most_common_answer": {"executed_lines": [500, 501, 514, 516, 517, 519], "summary": {"covered_lines": 6, "num_statements": 6, "percent_covered": 100.0, "percent_covered_display": "100", "missing_lines": 0, "excluded_lines": 0, "percent_statements_covered": 100.0, "percent_statements_covered_display": "100"}, "missing_lines": [], "excluded_lines": []}, "AdaptiveQuestioner.get_question_stats": {"executed_lines": [531, 540, 542, 546, 547, 548, 550, 551, 552], "summary": {"covered_lines": 9, "num_statements": 12, "percent_covered": 75.0, "percent_covered_display": "75", "missing_lines": 3, "excluded_lines": 0, "percent_statements_covered": 75.0, "percent_statements_covered_display": "75"}, "missing_lines": [543, 544, 562], "excluded_lines": []}, "": {"executed_lines": [1, 15, 16, 17, 18, 20, 21, 24, 25, 36, 37, 38, 39, 40, 41, 44, 45, 50, 51, 52, 53, 54, 55, 56, 57, 58, 59, 62, 63, 76, 77, 78, 79, 80, 81, 84, 85, 100, 110, 121, 156, 194, 257, 300, 329, 378, 404, 434, 457, 488, 521], "summary": {"covered_lines": 46, "num_statements": 46, "percent_covered": 100.0, "percent_covered_display": "100", "missing_lines": 0, "excluded_lines": 0, "percent_statements_covered": 100.0, "percent_statements_covered_display": "100"}, "missing_lines": [], "excluded_lines": []}}, "classes": {"QuestionPriority": {"executed_lines": [], "summary": {"covered_lines": 0, "num_statements": 0, "percent_covered": 100.0, "percent_covered_display": "100", "missing_lines": 0, "excluded_lines": 0, "percent_statements_covered": 100.0, "percent_statements_covered_display": "100"}, "missing_lines": [], "excluded_lines": []}, "QuestionOutcome": {"executed_lines": [], "summary": {"covered_lines": 0, "num_statements": 0, "percent_covered": 100.0, "percent_covered_display": "100", "missing_lines": 0, "excluded_lines": 0, "percent_statements_covered": 100.0, "percent_statements_covered_display": "100"}, "missing_lines": [], "excluded_lines": []}, "UserPriorities": {"executed_lines": [], "summary": {"covered_lines": 0, "num_statements": 0, "percent_covered": 100.0, "percent_covered_display": "100", "missing_lines": 0, "excluded_lines": 0, "percent_statements_covered": 100.0, "percent_statements_covered_display": "100"}, "missing_lines": [], "excluded_lines": []}, "AdaptiveQuestioner": {"executed_lines": [118, 119, 123, 124, 173, 176, 178, 179, 180, 183, 186, 189, 190, 192, 215, 218, 223, 224, 226, 229, 232, 238, 241, 248, 279, 282, 285, 287, 290, 292, 295, 298, 352, 354, 355, 376, 394, 395, 414, 415, 425, 427, 428, 429, 432, 449, 450, 452, 455, 467, 468, 479, 481, 482, 483, 486, 500, 501, 514, 516, 517, 519, 531, 540, 542, 546, 547, 548, 550, 551, 552], "summary": {"covered_lines": 71, "num_statements": 80, "percent_covered": 88.75, "percent_covered_display": "89", "missing_lines": 9, "excluded_lines": 0, "percent_statements_covered": 88.75, "percent_statements_covered_display": "89"}, "missing_lines": [316, 318, 321, 322, 325, 327, 543, 544, 562], "excluded_lines": []}, "": {"executed_lines": [1, 15, 16, 17, 18, 20, 21, 24, 25, 36, 37, 38, 39, 40, 41, 44, 45, 50, 51, 52, 53, 54, 55, 56, 57, 58, 59, 62, 63, 76, 77, 78, 79, 80, 81, 84, 85, 100, 110, 121, 156, 194, 257, 300, 329, 378, 404, 434, 457, 488, 521], "summary": {"covered_lines": 46, "num_statements": 46, "percent_covered": 100.0, "percent_covered_display": "100", "missing_lines": 0, "excluded_lines": 0, "percent_statements_covered": 100.0, "percent_statements_covered_display": "100"}, "missing_lines": [], "excluded_lines": []}}}, "agents/documenter.py": {"executed_lines": [1, 31, 32, 33, 34, 35, 37, 38, 45, 46, 47, 48, 49, 50, 51, 54, 66, 67, 68, 77, 78, 79, 82, 89, 90, 91, 93, 94, 96, 97, 109, 122, 123, 124, 128, 135, 136, 138, 139, 141, 143, 144, 146, 148, 149, 151, 153, 154, 156, 158, 159, 161, 163, 164, 166, 168, 169, 171, 173, 174, 175, 176, 178, 180, 181, 182, 183, 185, 188, 190, 192, 193, 194, 195, 197, 199, 200, 202, 204, 205, 207, 209, 216, 217, 224, 232, 234, 236, 246, 247, 248, 250, 251, 254, 255, 256, 259, 261, 262, 263, 347, 348, 349, 350, 353, 354, 356, 362, 372, 373, 374, 444, 461, 462, 465, 467, 468, 469, 470, 473, 476, 477, 479, 481, 482, 484, 485, 487, 490, 493, 496, 497, 498, 499, 500, 501, 503, 505, 508, 510, 511, 521, 523, 531, 533, 535, 536, 539, 540, 543, 544, 545, 546, 548, 558, 559, 561, 563, 564, 566, 567, 568, 571, 572, 587, 597, 598, 600, 602, 603, 605, 606, 607, 608, 609, 610, 612, 622, 625, 635], "summary": {"covered_lines": 176, "num_statements": 294, "percent_covered": 59.863945578231295, "percent_covered_display": "60", "missing_lines": 118, "excluded_lines": 0, "percent_statements_covered": 59.863945578231295, "percent_statements_covered_display": "60"}, "missing_lines": [69, 70, 104, 105, 106, 125, 266, 267, 268, 271, 272, 273, 274, 276, 279, 280, 282, 284, 290, 291, 292, 293, 294, 296, 297, 298, 300, 305, 307, 309, 312, 313, 315, 316, 322, 323, 324, 327, 328, 329, 330, 331, 332, 334, 335, 336, 337, 338, 339, 340, 342, 344, 358, 359, 360, 376, 377, 378, 381, 382, 387, 388, 389, 392, 393, 396, 397, 398, 401, 402, 410, 411, 412, 415, 416, 417, 418, 419, 420, 421, 424, 425, 426, 427, 428, 429, 430, 431, 434, 435, 436, 438, 440, 441, 442, 491, 513, 514, 515, 541, 575, 576, 577, 578, 579, 580, 582, 584, 585, 614, 615, 628, 629, 630, 631, 632, 642, 643], "excluded_lines": [], "functions": {"load_documenter_config_from_graph": {"executed_lines": [66, 67, 68, 77, 78, 79], "summary": {"covered_lines": 6, "num_statements": 8, "percent_covered": 75.0, "percent_covered_display": "75", "missing_lines": 2, "excluded_lines": 0, "percent_statements_covered": 75.0, "percent_statements_covered_display": "75"}, "missing_lines": [69, 70], "excluded_lines": []}, "load_documenter_config_from_toml": {"executed_lines": [89, 90, 91, 93, 94, 96, 97], "summary": {"covered_lines": 7, "num_statements": 10, "percent_covered": 70.0, "percent_covered_display": "70", "missing_lines": 3, "excluded_lines": 0, "percent_statements_covered": 70.0, "percent_statements_covered_display": "70"}, "missing_lines": [104, 105, 106], "excluded_lines": []}, "load_documenter_config": {"executed_lines": [122, 123, 124, 128], "summary": {"covered_lines": 4, "num_statements": 5, "percent_covered": 80.0, "percent_covered_display": "80", "missing_lines": 1, "excluded_lines": 0, "percent_statements_covered": 80.0, "percent_statements_covered_display": "80"}, "missing_lines": [125], "excluded_lines": []}, "MarkdownBuilder.__init__": {"executed_lines": [139], "summary": {"covered_lines": 1, "num_statements": 1, "percent_covered": 100.0, "percent_covered_display": "100", "missing_lines": 0, "excluded_lines": 0, "percent_statements_covered": 100.0, "percent_statements_covered_display": "100"}, "missing_lines": [], "excluded_lines": []}, "MarkdownBuilder.h1": {"executed_lines": [143, 144], "summary": {"covered_lines": 2, "num_statements": 2, "percent_covered": 100.0, "percent_covered_display": "100", "missing_lines": 0, "excluded_lines": 0, "percent_statements_covered": 100.0, "percent_statements_covered_display": "100"}, "missing_lines": [], "excluded_lines": []}, "MarkdownBuilder.h2": {"executed_lines": [148, 149], "summary": {"covered_lines": 2, "num_statements": 2, "percent_covered": 100.0, "percent_covered_display": "100", "missing_lines": 0, "excluded_lines": 0, "percent_statements_covered": 100.0, "percent_statements_covered_display": "100"}, "missing_lines": [], "excluded_lines": []}, "MarkdownBuilder.h3": {"executed_lines": [153, 154], "summary": {"covered_lines": 2, "num_statements": 2, "percent_covered": 100.0, "percent_covered_display": "100", "missing_lines": 0, "excluded_lines": 0, "percent_statements_covered": 100.0, "percent_statements_covered_display": "100"}, "missing_lines": [], "excluded_lines": []}, "MarkdownBuilder.h4": {"executed_lines": [158, 159], "summary": {"covered_lines": 2, "num_statements": 2, "percent_covered": 100.0, "percent_covered_display": "100", "missing_lines": 0, "excluded_lines": 0, "percent_statements_covered": 100.0, "percent_statements_covered_display": "100"}, "missing_lines": [], "excluded_lines": []}, "MarkdownBuilder.p": {"executed_lines": [163, 164], "summary": {"covered_lines": 2, "num_statements": 2, "percent_covered": 100.0, "percent_covered_display": "100", "missing_lines": 0, "excluded_lines": 0, "percent_statements_covered": 100.0, "percent_statements_covered_display": "100"}, "missing_lines": [], "excluded_lines": []}, "MarkdownBuilder.code_block": {"executed_lines": [168, 169], "summary": {"covered_lines": 2, "num_statements": 2, "percent_covered": 100.0, "percent_covered_display": "100", "missing_lines": 0, "excluded_lines": 0, "percent_statements_covered": 100.0, "percent_statements_covered_display": "100"}, "missing_lines": [], "excluded_lines": []}, "MarkdownBuilder.ul": {"executed_lines": [173, 174, 175, 176], "summary": {"covered_lines": 4, "num_statements": 4, "percent_covered": 100.0, "percent_covered_display": "100", "missing_lines": 0, "excluded_lines": 0, "percent_statements_covered": 100.0, "percent_statements_covered_display": "100"}, "missing_lines": [], "excluded_lines": []}, "MarkdownBuilder.ol": {"executed_lines": [180, 181, 182, 183], "summary": {"covered_lines": 4, "num_statements": 4, "percent_covered": 100.0, "percent_covered_display": "100", "missing_lines": 0, "excluded_lines": 0, "percent_statements_covered": 100.0, "percent_statements_covered_display": "100"}, "missing_lines": [], "excluded_lines": []}, "MarkdownBuilder.table": {"executed_lines": [188, 190, 192, 193, 194, 195], "summary": {"covered_lines": 6, "num_statements": 6, "percent_covered": 100.0, "percent_covered_display": "100", "missing_lines": 0, "excluded_lines": 0, "percent_statements_covered": 100.0, "percent_statements_covered_display": "100"}, "missing_lines": [], "excluded_lines": []}, "MarkdownBuilder.hr": {"executed_lines": [199, 200], "summary": {"covered_lines": 2, "num_statements": 2, "percent_covered": 100.0, "percent_covered_display": "100", "missing_lines": 0, "excluded_lines": 0, "percent_statements_covered": 100.0, "percent_statements_covered_display": "100"}, "missing_lines": [], "excluded_lines": []}, "MarkdownBuilder.newline": {"executed_lines": [204, 205], "summary": {"covered_lines": 2, "num_statements": 2, "percent_covered": 100.0, "percent_covered_display": "100", "missing_lines": 0, "excluded_lines": 0, "percent_statements_covered": 100.0, "percent_statements_covered_display": "100"}, "missing_lines": [], "excluded_lines": []}, "MarkdownBuilder.to_string": {"executed_lines": [209], "summary": {"covered_lines": 1, "num_statements": 1, "percent_covered": 100.0, "percent_covered_display": "100", "missing_lines": 0, "excluded_lines": 0, "percent_statements_covered": 100.0, "percent_statements_covered_display": "100"}, "missing_lines": [], "excluded_lines": []}, "Documenter.__init__": {"executed_lines": [232, 234], "summary": {"covered_lines": 2, "num_statements": 2, "percent_covered": 100.0, "percent_covered_display": "100", "missing_lines": 0, "excluded_lines": 0, "percent_statements_covered": 100.0, "percent_statements_covered_display": "100"}, "missing_lines": [], "excluded_lines": []}, "Documenter.generate_readme": {"executed_lines": [246, 247, 248, 250, 251, 254, 255, 256, 259, 261, 262, 263, 347, 348, 349, 350, 353, 354, 356], "summary": {"covered_lines": 19, "num_statements": 68, "percent_covered": 27.941176470588236, "percent_covered_display": "28", "missing_lines": 49, "excluded_lines": 0, "percent_statements_covered": 27.941176470588236, "percent_statements_covered_display": "28"}, "missing_lines": [266, 267, 268, 271, 272, 273, 274, 276, 279, 280, 282, 284, 290, 291, 292, 293, 294, 296, 297, 298, 300, 305, 307, 309, 312, 313, 315, 316, 322, 323, 324, 327, 328, 329, 330, 331, 332, 334, 335, 336, 337, 338, 339, 340, 342, 344, 358, 359, 360], "excluded_lines": []}, "Documenter.generate_wiki": {"executed_lines": [372, 373, 374], "summary": {"covered_lines": 3, "num_statements": 43, "percent_covered": 6.976744186046512, "percent_covered_display": "7", "missing_lines": 40, "excluded_lines": 0, "percent_statements_covered": 6.976744186046512, "percent_statements_covered_display": "7"}, "missing_lines": [376, 377, 378, 381, 382, 387, 388, 389, 392, 393, 396, 397, 398, 401, 402, 410, 411, 412, 415, 416, 417, 418, 419, 420, 421, 424, 425, 426, 427, 428, 429, 430, 431, 434, 435, 436, 438, 440, 441, 442], "excluded_lines": []}, "Documenter.append_changelog": {"executed_lines": [461, 462, 465, 467, 468, 469, 470, 473, 476, 477, 479, 481, 482, 484, 485, 487, 490, 493, 496, 497, 498, 499, 500, 501, 503, 505, 508, 510, 511], "summary": {"covered_lines": 29, "num_statements": 33, "percent_covered": 87.87878787878788, "percent_covered_display": "88", "missing_lines": 4, "excluded_lines": 0, "percent_statements_covered": 87.87878787878788, "percent_statements_covered_display": "88"}, "missing_lines": [491, 513, 514, 515], "excluded_lines": []}, "Documenter._get_status_emoji": {"executed_lines": [523, 531], "summary": {"covered_lines": 2, "num_statements": 2, "percent_covered": 100.0, "percent_covered_display": "100", "missing_lines": 0, "excluded_lines": 0, "percent_statements_covered": 100.0, "percent_statements_covered_display": "100"}, "missing_lines": [], "excluded_lines": []}, "Documenter._get_content_preview": {"executed_lines": [535, 536, 539, 540, 543, 544, 545, 546], "summary": {"covered_lines": 8, "num_statements": 9, "percent_covered": 88.88888888888889, "percent_covered_display": "89", "missing_lines": 1, "excluded_lines": 0, "percent_statements_covered": 88.88888888888889, "percent_statements_covered_display": "89"}, "missing_lines": [541], "excluded_lines": []}, "Documenter._find_parent_req": {"executed_lines": [558, 559, 561, 563, 564, 566, 567, 568, 571, 572], "summary": {"covered_lines": 10, "num_statements": 19, "percent_covered": 52.63157894736842, "percent_covered_display": "53", "missing_lines": 9, "excluded_lines": 0, "percent_statements_covered": 52.63157894736842, "percent_statements_covered_display": "53"}, "missing_lines": [575, 576, 577, 578, 579, 580, 582, 584, 585], "excluded_lines": []}, "Documenter._find_implementing_code": {"executed_lines": [597, 598, 600, 602, 603, 605, 606, 607, 608, 609, 610, 612], "summary": {"covered_lines": 12, "num_statements": 14, "percent_covered": 85.71428571428571, "percent_covered_display": "86", "missing_lines": 2, "excluded_lines": 0, "percent_statements_covered": 85.71428571428571, "percent_statements_covered_display": "86"}, "missing_lines": [614, 615], "excluded_lines": []}, "get_documenter": {"executed_lines": [], "summary": {"covered_lines": 0, "num_statements": 5, "percent_covered": 0.0, "percent_covered_display": "0", "missing_lines": 5, "excluded_lines": 0, "percent_statements_covered": 0.0, "percent_statements_covered_display": "0"}, "missing_lines": [628, 629, 630, 631, 632], "excluded_lines": []}, "generate_all_docs": {"executed_lines": [], "summary": {"covered_lines": 0, "num_statements": 2, "percent_covered": 0.0, "percent_covered_display": "0", "missing_lines": 2, "excluded_lines": 0, "percent_statements_covered": 0.0, "percent_statements_covered_display": "0"}, "missing_lines": [642, 643], "excluded_lines": []}, "": {"executed_lines": [1, 31, 32, 33, 34, 35, 37, 38, 45, 46, 47, 48, 49, 50, 51, 54, 82, 109, 135, 136, 138, 141, 146, 151, 156, 161, 166, 171, 178, 185, 197, 202, 207, 216, 217, 224, 236, 362, 444, 521, 533, 548, 587, 622, 625, 635], "summary": {"covered_lines": 42, "num_statements": 42, "percent_covered": 100.0, "percent_covered_display": "100", "missing_lines": 0, "excluded_lines": 0, "percent_statements_covered": 100.0, "percent_statements_covered_display": "100"}, "missing_lines": [], "excluded_lines": []}}, "classes": {"DocumenterConfig": {"executed_lines": [], "summary": {"covered_lines": 0, "num_statements": 0, "percent_covered": 100.0, "percent_covered_display": "100", "missing_lines": 0, "excluded_lines": 0, "percent_statements_covered": 100.0, "percent_statements_covered_display": "100"}, "missing_lines": [], "excluded_lines": []}, "MarkdownBuilder": {"executed_lines": [139, 143, 144, 148, 149, 153, 154, 158, 159, 163, 164, 168, 169, 173, 174, 175, 176, 180, 181, 182, 183, 188, 190, 192, 193, 194, 195, 199, 200, 204, 205, 209], "summary": {"covered_lines": 32, "num_statements": 32, "percent_covered": 100.0, "percent_covered_display": "100", "missing_lines": 0, "excluded_lines": 0, "percent_statements_covered": 100.0, "percent_statements_covered_display": "100"}, "missing_lines": [], "excluded_lines": []}, "Documenter": {"executed_lines": [232, 234, 246, 247, 248, 250, 251, 254, 255, 256, 259, 261, 262, 263, 347, 348, 349, 350, 353, 354, 356, 372, 373, 374, 461, 462, 465, 467, 468, 469, 470, 473, 476, 477, 479, 481, 482, 484, 485, 487, 490, 493, 496, 497, 498, 499, 500, 501, 503, 505, 508, 510, 511, 523, 531, 535, 536, 539, 540, 543, 544, 545, 546, 558, 559, 561, 563, 564, 566, 567, 568, 571, 572, 597, 598, 600, 602, 603, 605, 606, 607, 608, 609, 610, 612], "summary": {"covered_lines": 85, "num_statements": 190, "percent_covered": 44.73684210526316, "percent_covered_display": "45", "missing_lines": 105, "excluded_lines": 0, "percent_statements_covered": 44.73684210526316, "percent_statements_covered_display": "45"}, "missing_lines": [266, 267, 268, 271, 272, 273, 274, 276, 279, 280, 282, 284, 290, 291, 292, 293, 294, 296, 297, 298, 300, 305, 307, 309, 312, 313, 315, 316, 322, 323, 324, 327, 328, 329, 330, 331, 332, 334, 335, 336, 337, 338, 339, 340, 342, 344, 358, 359, 360, 376, 377, 378, 381, 382, 387, 388, 389, 392, 393, 396, 397, 398, 401, 402, 410, 411, 412, 415, 416, 417, 418, 419, 420, 421, 424, 425, 426, 427, 428, 429, 430, 431, 434, 435, 436, 438, 440, 441, 442, 491, 513, 514, 515, 541, 575, 576, 577, 578, 579, 580, 582, 584, 585, 614, 615], "excluded_lines": []}, "": {"executed_lines": [1, 31, 32, 33, 34, 35, 37, 38, 45, 46, 47, 48, 49, 50, 51, 54, 66, 67, 68, 77, 78, 79, 82, 89, 90, 91, 93, 94, 96, 97, 109, 122, 123, 124, 128, 135, 136, 138, 141, 146, 151, 156, 161, 166, 171, 178, 185, 197, 202, 207, 216, 217, 224, 236, 362, 444, 521, 533, 548, 587, 622, 625, 635], "summary": {"covered_lines": 59, "num_statements": 72, "percent_covered": 81.94444444444444, "percent_covered_display": "82", "missing_lines": 13, "excluded_lines": 0, "percent_statements_covered": 81.94444444444444, "percent_statements_covered_display": "82"}, "missing_lines": [69, 70, 104, 105, 106, 125, 628, 629, 630, 631, 632, 642, 643], "excluded_lines": []}}}, "agents/human_loop.py": {"executed_lines": [1, 20, 21, 22, 23, 24, 31, 32, 33, 34, 35, 36, 37, 40, 41, 42, 43, 44, 45, 48, 49, 50, 51, 52, 53, 60, 61, 67, 68, 69, 70, 71, 72, 73, 74, 77, 78, 84, 85, 86, 87, 88, 89, 90, 91, 92, 93, 94, 95, 96, 98, 99, 100, 103, 104, 109, 110, 111, 112, 114, 115, 116, 124, 159, 164, 173, 174, 184, 196, 197, 198, 199, 201, 222, 234, 236, 237, 239, 241, 258, 259, 260, 263, 270, 271, 272, 275, 276, 279, 285, 286, 288, 290, 308, 315, 325, 326, 327, 329, 330, 331, 332, 334, 344, 348, 349, 350, 357, 383, 409, 442, 455, 468, 493, 494, 500, 501, 502, 503, 507, 527, 547], "summary": {"covered_lines": 113, "num_statements": 138, "percent_covered": 81.8840579710145, "percent_covered_display": "82", "missing_lines": 25, "excluded_lines": 0, "percent_statements_covered": 81.8840579710145, "percent_statements_covered_display": "82"}, "missing_lines": [161, 166, 264, 266, 267, 303, 304, 305, 306, 310, 375, 380, 401, 406, 429, 435, 452, 465, 482, 543, 544, 561, 562, 563, 564], "excluded_lines": [], "functions": {"HumanRequest.__post_init__": {"executed_lines": [99, 100], "summary": {"covered_lines": 2, "num_statements": 2, "percent_covered": 100.0, "percent_covered_display": "100", "missing_lines": 0, "excluded_lines": 0, "percent_statements_covered": 100.0, "percent_statements_covered_display": "100"}, "missing_lines": [], "excluded_lines": []}, "HumanResponse.__post_init__": {"executed_lines": [115, 116], "summary": {"covered_lines": 2, "num_statements": 2, "percent_covered": 100.0, "percent_covered_display": "100", "missing_lines": 0, "excluded_lines": 0, "percent_statements_covered": 100.0, "percent_statements_covered_display": "100"}, "missing_lines": [], "excluded_lines": []}, "get_pause_point": {"executed_lines": [], "summary": {"covered_lines": 0, "num_statements": 1, "percent_covered": 0.0, "percent_covered_display": "0", "missing_lines": 1, "excluded_lines": 0, "percent_statements_covered": 0.0, "percent_statements_covered_display": "0"}, "missing_lines": [161], "excluded_lines": []}, "register_pause_point": {"executed_lines": [], "summary": {"covered_lines": 0, "num_statements": 1, "percent_covered": 0.0, "percent_covered_display": "0", "missing_lines": 1, "excluded_lines": 0, "percent_statements_covered": 0.0, "percent_statements_covered_display": "0"}, "missing_lines": [166], "excluded_lines": []}, "HumanLoopController.__init__": {"executed_lines": [196, 197, 198, 199], "summary": {"covered_lines": 4, "num_statements": 4, "percent_covered": 100.0, "percent_covered_display": "100", "missing_lines": 0, "excluded_lines": 0, "percent_statements_covered": 100.0, "percent_statements_covered_display": "100"}, "missing_lines": [], "excluded_lines": []}, "HumanLoopController.create_request": {"executed_lines": [222, 234, 236, 237, 239], "summary": {"covered_lines": 5, "num_statements": 5, "percent_covered": 100.0, "percent_covered_display": "100", "missing_lines": 0, "excluded_lines": 0, "percent_statements_covered": 100.0, "percent_statements_covered_display": "100"}, "missing_lines": [], "excluded_lines": []}, "HumanLoopController.submit_response": {"executed_lines": [258, 259, 260, 263, 270, 271, 272, 275, 276, 279, 285, 286, 288], "summary": {"covered_lines": 13, "num_statements": 16, "percent_covered": 81.25, "percent_covered_display": "81", "missing_lines": 3, "excluded_lines": 0, "percent_statements_covered": 81.25, "percent_statements_covered_display": "81"}, "missing_lines": [264, 266, 267], "excluded_lines": []}, "HumanLoopController.get_pending_requests": {"executed_lines": [], "summary": {"covered_lines": 0, "num_statements": 4, "percent_covered": 0.0, "percent_covered_display": "0", "missing_lines": 4, "excluded_lines": 0, "percent_statements_covered": 0.0, "percent_statements_covered_display": "0"}, "missing_lines": [303, 304, 305, 306], "excluded_lines": []}, "HumanLoopController.get_request": {"executed_lines": [], "summary": {"covered_lines": 0, "num_statements": 1, "percent_covered": 0.0, "percent_covered_display": "0", "missing_lines": 1, "excluded_lines": 0, "percent_statements_covered": 0.0, "percent_statements_covered_display": "0"}, "missing_lines": [310], "excluded_lines": []}, "HumanLoopController.cancel_request": {"executed_lines": [325, 326, 327, 329, 330, 331, 332], "summary": {"covered_lines": 7, "num_statements": 7, "percent_covered": 100.0, "percent_covered_display": "100", "missing_lines": 0, "excluded_lines": 0, "percent_statements_covered": 100.0, "percent_statements_covered_display": "100"}, "missing_lines": [], "excluded_lines": []}, "HumanLoopController.clear_session": {"executed_lines": [344, 348, 349, 350], "summary": {"covered_lines": 4, "num_statements": 4, "percent_covered": 100.0, "percent_covered_display": "100", "missing_lines": 0, "excluded_lines": 0, "percent_statements_covered": 100.0, "percent_statements_covered_display": "100"}, "missing_lines": [], "excluded_lines": []}, "create_approval_request": {"executed_lines": [], "summary": {"covered_lines": 0, "num_statements": 2, "percent_covered": 0.0, "percent_covered_display": "0", "missing_lines": 2, "excluded_lines": 0, "percent_statements_covered": 0.0, "percent_statements_covered_display": "0"}, "missing_lines": [375, 380], "excluded_lines": []}, "create_feedback_request": {"executed_lines": [], "summary": {"covered_lines": 0, "num_statements": 2, "percent_covered": 0.0, "percent_covered_display": "0", "missing_lines": 2, "excluded_lines": 0, "percent_statements_covered": 0.0, "percent_statements_covered_display": "0"}, "missing_lines": [401, 406], "excluded_lines": []}, "create_selection_request": {"executed_lines": [], "summary": {"covered_lines": 0, "num_statements": 2, "percent_covered": 0.0, "percent_covered_display": "0", "missing_lines": 2, "excluded_lines": 0, "percent_statements_covered": 0.0, "percent_statements_covered_display": "0"}, "missing_lines": [429, 435], "excluded_lines": []}, "check_human_input_needed": {"executed_lines": [], "summary": {"covered_lines": 0, "num_statements": 1, "percent_covered": 0.0, "percent_covered_display": "0", "missing_lines": 1, "excluded_lines": 0, "percent_statements_covered": 0.0, "percent_statements_covered_display": "0"}, "missing_lines": [452], "excluded_lines": []}, "get_human_input_type": {"executed_lines": [], "summary": {"covered_lines": 0, "num_statements": 1, "percent_covered": 0.0, "percent_covered_display": "0", "missing_lines": 1, "excluded_lines": 0, "percent_statements_covered": 0.0, "percent_statements_covered_display": "0"}, "missing_lines": [465], "excluded_lines": []}, "apply_human_response": {"executed_lines": [], "summary": {"covered_lines": 0, "num_statements": 1, "percent_covered": 0.0, "percent_covered_display": "0", "missing_lines": 1, "excluded_lines": 0, "percent_statements_covered": 0.0, "percent_statements_covered_display": "0"}, "missing_lines": [482], "excluded_lines": []}, "is_valid_transition": {"executed_lines": [], "summary": {"covered_lines": 0, "num_statements": 2, "percent_covered": 0.0, "percent_covered_display": "0", "missing_lines": 2, "excluded_lines": 0, "percent_statements_covered": 0.0, "percent_statements_covered_display": "0"}, "missing_lines": [543, 544], "excluded_lines": []}, "get_pause_point_for_state": {"executed_lines": [], "summary": {"covered_lines": 0, "num_statements": 4, "percent_covered": 0.0, "percent_covered_display": "0", "missing_lines": 4, "excluded_lines": 0, "percent_statements_covered": 0.0, "percent_statements_covered_display": "0"}, "missing_lines": [561, 562, 563, 564], "excluded_lines": []}, "": {"executed_lines": [1, 20, 21, 22, 23, 24, 31, 32, 33, 34, 35, 36, 37, 40, 41, 42, 43, 44, 45, 48, 49, 50, 51, 52, 53, 60, 61, 67, 68, 69, 70, 71, 72, 73, 74, 77, 78, 84, 85, 86, 87, 88, 89, 90, 91, 92, 93, 94, 95, 96, 98, 103, 104, 109, 110, 111, 112, 114, 124, 159, 164, 173, 174, 184, 201, 241, 290, 308, 315, 334, 357, 383, 409, 442, 455, 468, 493, 494, 500, 501, 502, 503, 507, 527, 547], "summary": {"covered_lines": 76, "num_statements": 76, "percent_covered": 100.0, "percent_covered_display": "100", "missing_lines": 0, "excluded_lines": 0, "percent_statements_covered": 100.0, "percent_statements_covered_display": "100"}, "missing_lines": [], "excluded_lines": []}}, "classes": {"PauseType": {"executed_lines": [], "summary": {"covered_lines": 0, "num_statements": 0, "percent_covered": 100.0, "percent_covered_display": "100", "missing_lines": 0, "excluded_lines": 0, "percent_statements_covered": 100.0, "percent_statements_covered_display": "100"}, "missing_lines": [], "excluded_lines": []}, "RequestStatus": {"executed_lines": [], "summary": {"covered_lines": 0, "num_statements": 0, "percent_covered": 100.0, "percent_covered_display": "100", "missing_lines": 0, "excluded_lines": 0, "percent_statements_covered": 100.0, "percent_statements_covered_display": "100"}, "missing_lines": [], "excluded_lines": []}, "Priority": {"executed_lines": [], "summary": {"covered_lines": 0, "num_statements": 0, "percent_covered": 100.0, "percent_covered_display": "100", "missing_lines": 0, "excluded_lines": 0, "percent_statements_covered": 100.0, "percent_statements_covered_display": "100"}, "missing_lines": [], "excluded_lines": []}, "PausePoint": {"executed_lines": [], "summary": {"covered_lines": 0, "num_statements": 0, "percent_covered": 100.0, "percent_covered_display": "100", "missing_lines": 0, "excluded_lines": 0, "percent_statements_covered": 100.0, "percent_statements_covered_display": "100"}, "missing_lines": [], "excluded_lines": []}, "HumanRequest": {"executed_lines": [99, 100], "summary": {"covered_lines": 2, "num_statements": 2, "percent_covered": 100.0, "percent_covered_display": "100", "missing_lines": 0, "excluded_lines": 0, "percent_statements_covered": 100.0, "percent_statements_covered_display": "100"}, "missing_lines": [], "excluded_lines": []}, "HumanResponse": {"executed_lines": [115, 116], "summary": {"covered_lines": 2, "num_statements": 2, "percent_covered": 100.0, "percent_covered_display": "100", "missing_lines": 0, "excluded_lines": 0, "percent_statements_covered": 100.0, "percent_statements_covered_display": "100"}, "missing_lines": [], "excluded_lines": []}, "HumanLoopController": {"executed_lines": [196, 197, 198, 199, 222, 234, 236, 237, 239, 258, 259, 260, 263, 270, 271, 272, 275, 276, 279, 285, 286, 288, 325, 326, 327, 329, 330, 331, 332, 344, 348, 349, 350], "summary": {"covered_lines": 33, "num_statements": 41, "percent_covered": 80.48780487804878, "percent_covered_display": "80", "missing_lines": 8, "excluded_lines": 0, "percent_statements_covered": 80.48780487804878, "percent_statements_covered_display": "80"}, "missing_lines": [264, 266, 267, 303, 304, 305, 306, 310], "excluded_lines": []}, "TransitionMatrix": {"executed_lines": [], "summary": {"covered_lines": 0, "num_statements": 0, "percent_covered": 100.0, "percent_covered_display": "100", "missing_lines": 0, "excluded_lines": 0, "percent_statements_covered": 100.0, "percent_statements_covered_display": "100"}, "missing_lines": [], "excluded_lines": []}, "": {"executed_lines": [1, 20, 21, 22, 23, 24, 31, 32, 33, 34, 35, 36, 37, 40, 41, 42, 43, 44, 45, 48, 49, 50, 51, 52, 53, 60, 61, 67, 68, 69, 70, 71, 72, 73, 74, 77, 78, 84, 85, 86, 87, 88, 89, 90, 91, 92, 93, 94, 95, 96, 98, 103, 104, 109, 110, 111, 112, 114, 124, 159, 164, 173, 174, 184, 201, 241, 290, 308, 315, 334, 357, 383, 409, 442, 455, 468, 493, 494, 500, 501, 502, 503, 507, 527, 547], "summary": {"covered_lines": 76, "num_statements": 93, "percent_covered": 81.72043010752688, "percent_covered_display": "82", "missing_lines": 17, "excluded_lines": 0, "percent_statements_covered": 81.72043010752688, "percent_statements_covered_display": "82"}, "missing_lines": [161, 166, 375, 380, 401, 406, 429, 435, 452, 465, 482, 543, 544, 561, 562, 563, 564], "excluded_lines": []}}}, "agents/orchestrator.py": {"executed_lines": [1, 22, 23, 24, 25, 26, 28, 29, 32, 33, 34, 38, 46, 47, 48, 53, 54, 57, 58, 64, 65, 66, 71, 72, 73, 78, 79, 80, 85, 86, 87, 92, 93, 94, 99, 100, 101, 106, 107, 108, 113, 114, 115, 120, 121, 122, 127, 128, 129, 134, 135, 136, 141, 142, 143, 148, 149, 154, 155, 159, 163, 170, 171, 172, 173, 174, 175, 176, 177, 178, 179, 180, 181, 184, 185, 186, 187, 188, 189, 192, 193, 194, 195, 196, 197, 200, 201, 202, 203, 204, 205, 208, 209, 210, 211, 212, 213, 217, 230, 311, 312, 319, 320, 323, 326, 329, 330, 333, 334, 335, 338, 339, 342, 343, 346, 347, 350, 351, 352, 353, 354, 357, 360, 367, 390, 556, 687, 803, 939, 1103, 1210, 1259, 1361, 1465, 1474, 1485, 1494, 1502, 1513, 1522, 1625, 1647, 1648, 1655, 1694, 1887, 1926, 1939], "summary": {"covered_lines": 140, "num_statements": 706, "percent_covered": 19.8300283286119, "percent_covered_display": "20", "missing_lines": 566, "excluded_lines": 0, "percent_statements_covered": 19.8300283286119, "percent_statements_covered_display": "20"}, "missing_lines": [35, 36, 49, 50, 59, 60, 61, 67, 68, 74, 75, 81, 82, 88, 89, 95, 96, 102, 103, 109, 110, 116, 117, 123, 124, 130, 131, 137, 138, 150, 151, 160, 161, 219, 220, 221, 222, 223, 250, 252, 253, 254, 255, 257, 258, 261, 262, 263, 264, 267, 268, 269, 270, 271, 272, 274, 275, 276, 277, 279, 280, 281, 282, 284, 285, 286, 288, 289, 290, 291, 292, 293, 294, 295, 296, 298, 299, 300, 301, 303, 304, 305, 306, 308, 375, 405, 406, 408, 413, 414, 415, 418, 419, 420, 421, 422, 429, 430, 431, 432, 433, 440, 441, 443, 444, 445, 448, 466, 472, 480, 483, 485, 486, 491, 494, 495, 506, 507, 509, 510, 511, 512, 513, 514, 515, 516, 518, 520, 527, 528, 529, 534, 535, 536, 541, 546, 567, 568, 569, 570, 572, 575, 576, 577, 578, 579, 581, 584, 585, 586, 587, 594, 595, 597, 599, 601, 610, 611, 612, 613, 614, 616, 618, 624, 625, 626, 627, 628, 629, 634, 642, 643, 646, 651, 656, 665, 666, 667, 668, 670, 671, 672, 674, 680, 699, 700, 702, 707, 708, 710, 711, 712, 714, 725, 731, 740, 752, 758, 778, 780, 788, 789, 790, 795, 817, 818, 821, 823, 837, 838, 840, 841, 842, 845, 854, 864, 870, 876, 877, 878, 883, 884, 886, 897, 898, 899, 900, 908, 909, 910, 911, 912, 918, 919, 920, 925, 930, 951, 952, 954, 961, 962, 965, 966, 967, 968, 969, 971, 972, 973, 976, 977, 978, 979, 981, 982, 985, 995, 1001, 1002, 1008, 1014, 1015, 1029, 1044, 1045, 1046, 1058, 1061, 1071, 1072, 1073, 1078, 1079, 1080, 1085, 1090, 1095, 1113, 1114, 1115, 1116, 1120, 1122, 1129, 1142, 1145, 1146, 1147, 1151, 1153, 1154, 1155, 1165, 1171, 1172, 1175, 1176, 1177, 1178, 1180, 1185, 1186, 1192, 1193, 1196, 1197, 1199, 1201, 1218, 1219, 1220, 1223, 1225, 1231, 1232, 1236, 1244, 1245, 1246, 1247, 1252, 1269, 1270, 1273, 1275, 1288, 1291, 1292, 1293, 1294, 1295, 1296, 1298, 1315, 1316, 1320, 1321, 1325, 1326, 1327, 1328, 1334, 1335, 1338, 1339, 1340, 1341, 1349, 1350, 1351, 1353, 1370, 1371, 1372, 1374, 1380, 1381, 1382, 1383, 1384, 1387, 1388, 1389, 1394, 1395, 1396, 1397, 1402, 1403, 1404, 1405, 1413, 1419, 1420, 1423, 1424, 1425, 1426, 1428, 1429, 1430, 1431, 1432, 1433, 1434, 1435, 1436, 1438, 1448, 1449, 1450, 1452, 1467, 1468, 1469, 1471, 1478, 1479, 1482, 1487, 1488, 1491, 1496, 1497, 1499, 1504, 1505, 1507, 1508, 1510, 1515, 1544, 1547, 1548, 1549, 1550, 1551, 1552, 1553, 1554, 1555, 1556, 1559, 1562, 1572, 1582, 1592, 1593, 1596, 1606, 1616, 1617, 1620, 1622, 1635, 1637, 1638, 1640, 1669, 1670, 1671, 1673, 1674, 1675, 1676, 1679, 1680, 1681, 1682, 1688, 1692, 1724, 1727, 1728, 1729, 1732, 1733, 1734, 1735, 1736, 1737, 1738, 1739, 1740, 1741, 1742, 1743, 1746, 1747, 1748, 1749, 1750, 1751, 1756, 1757, 1760, 1761, 1762, 1763, 1764, 1765, 1766, 1767, 1770, 1771, 1772, 1773, 1774, 1779, 1780, 1784, 1785, 1787, 1807, 1810, 1811, 1812, 1813, 1816, 1817, 1818, 1819, 1820, 1821, 1822, 1825, 1826, 1827, 1829, 1830, 1831, 1832, 1833, 1834, 1835, 1838, 1839, 1840, 1841, 1844, 1846, 1847, 1848, 1849, 1850, 1851, 1852, 1855, 1856, 1859, 1860, 1863, 1866, 1867, 1868, 1869, 1870, 1873, 1874, 1875, 1876, 1877, 1878, 1882, 1883, 1885, 1902, 1903, 1905, 1908, 1910, 1912, 1916, 1919, 1920, 1921, 1922, 1924, 1928, 1929, 1931, 1932, 1957, 1959, 1961], "excluded_lines": [], "functions": {"list_append_reducer": {"executed_lines": [], "summary": {"covered_lines": 0, "num_statements": 5, "percent_covered": 0.0, "percent_covered_display": "0", "missing_lines": 5, "excluded_lines": 0, "percent_statements_covered": 0.0, "percent_statements_covered_display": "0"}, "missing_lines": [219, 220, 221, 222, 223], "excluded_lines": []}, "infer_phase_from_node": {"executed_lines": [], "summary": {"covered_lines": 0, "num_statements": 46, "percent_covered": 0.0, "percent_covered_display": "0", "missing_lines": 46, "excluded_lines": 0, "percent_statements_covered": 0.0, "percent_statements_covered_display": "0"}, "missing_lines": [250, 252, 253, 254, 255, 257, 258, 261, 262, 263, 264, 267, 268, 269, 270, 271, 272, 274, 275, 276, 277, 279, 280, 281, 282, 284, 285, 286, 288, 289, 290, 291, 292, 293, 294, 295, 296, 298, 299, 300, 301, 303, 304, 305, 306, 308], "excluded_lines": []}, "init_node": {"executed_lines": [], "summary": {"covered_lines": 0, "num_statements": 1, "percent_covered": 0.0, "percent_covered_display": "0", "missing_lines": 1, "excluded_lines": 0, "percent_statements_covered": 0.0, "percent_statements_covered_display": "0"}, "missing_lines": [375], "excluded_lines": []}, "dialectic_node": {"executed_lines": [], "summary": {"covered_lines": 0, "num_statements": 51, "percent_covered": 0.0, "percent_covered_display": "0", "missing_lines": 51, "excluded_lines": 0, "percent_statements_covered": 0.0, "percent_statements_covered_display": "0"}, "missing_lines": [405, 406, 408, 413, 414, 415, 418, 419, 420, 421, 422, 429, 430, 431, 432, 433, 440, 441, 443, 444, 445, 448, 466, 472, 480, 483, 485, 486, 491, 494, 495, 506, 507, 509, 510, 511, 512, 513, 514, 515, 516, 518, 520, 527, 528, 529, 534, 535, 536, 541, 546], "excluded_lines": []}, "clarification_node": {"executed_lines": [], "summary": {"covered_lines": 0, "num_statements": 48, "percent_covered": 0.0, "percent_covered_display": "0", "missing_lines": 48, "excluded_lines": 0, "percent_statements_covered": 0.0, "percent_statements_covered_display": "0"}, "missing_lines": [567, 568, 569, 570, 572, 575, 576, 577, 578, 579, 581, 584, 585, 586, 587, 594, 595, 597, 599, 601, 610, 611, 612, 613, 614, 616, 618, 624, 625, 626, 627, 628, 629, 634, 642, 643, 646, 651, 656, 665, 666, 667, 668, 670, 671, 672, 674, 680], "excluded_lines": []}, "research_node": {"executed_lines": [], "summary": {"covered_lines": 0, "num_statements": 20, "percent_covered": 0.0, "percent_covered_display": "0", "missing_lines": 20, "excluded_lines": 0, "percent_statements_covered": 0.0, "percent_statements_covered_display": "0"}, "missing_lines": [699, 700, 702, 707, 708, 710, 711, 712, 714, 725, 731, 740, 752, 758, 778, 780, 788, 789, 790, 795], "excluded_lines": []}, "plan_node": {"executed_lines": [], "summary": {"covered_lines": 0, "num_statements": 33, "percent_covered": 0.0, "percent_covered_display": "0", "missing_lines": 33, "excluded_lines": 0, "percent_statements_covered": 0.0, "percent_statements_covered_display": "0"}, "missing_lines": [817, 818, 821, 823, 837, 838, 840, 841, 842, 845, 854, 864, 870, 876, 877, 878, 883, 884, 886, 897, 898, 899, 900, 908, 909, 910, 911, 912, 918, 919, 920, 925, 930], "excluded_lines": []}, "build_node": {"executed_lines": [], "summary": {"covered_lines": 0, "num_statements": 41, "percent_covered": 0.0, "percent_covered_display": "0", "missing_lines": 41, "excluded_lines": 0, "percent_statements_covered": 0.0, "percent_statements_covered_display": "0"}, "missing_lines": [951, 952, 954, 961, 962, 965, 966, 967, 968, 969, 971, 972, 973, 976, 977, 978, 979, 981, 982, 985, 995, 1001, 1002, 1008, 1014, 1015, 1029, 1044, 1045, 1046, 1058, 1061, 1071, 1072, 1073, 1078, 1079, 1080, 1085, 1090, 1095], "excluded_lines": []}, "test_node": {"executed_lines": [], "summary": {"covered_lines": 0, "num_statements": 31, "percent_covered": 0.0, "percent_covered_display": "0", "missing_lines": 31, "excluded_lines": 0, "percent_statements_covered": 0.0, "percent_statements_covered_display": "0"}, "missing_lines": [1113, 1114, 1115, 1116, 1120, 1122, 1129, 1142, 1145, 1146, 1147, 1151, 1153, 1154, 1155, 1165, 1171, 1172, 1175, 1176, 1177, 1178, 1180, 1185, 1186, 1192, 1193, 1196, 1197, 1199, 1201], "excluded_lines": []}, "fix_node": {"executed_lines": [], "summary": {"covered_lines": 0, "num_statements": 13, "percent_covered": 0.0, "percent_covered_display": "0", "missing_lines": 13, "excluded_lines": 0, "percent_statements_covered": 0.0, "percent_statements_covered_display": "0"}, "missing_lines": [1218, 1219, 1220, 1223, 1225, 1231, 1232, 1236, 1244, 1245, 1246, 1247, 1252], "excluded_lines": []}, "passed_node": {"executed_lines": [], "summary": {"covered_lines": 0, "num_statements": 30, "percent_covered": 0.0, "percent_covered_display": "0", "missing_lines": 30, "excluded_lines": 0, "percent_statements_covered": 0.0, "percent_statements_covered_display": "0"}, "missing_lines": [1269, 1270, 1273, 1275, 1288, 1291, 1292, 1293, 1294, 1295, 1296, 1298, 1315, 1316, 1320, 1321, 1325, 1326, 1327, 1328, 1334, 1335, 1338, 1339, 1340, 1341, 1349, 1350, 1351, 1353], "excluded_lines": []}, "failed_node": {"executed_lines": [], "summary": {"covered_lines": 0, "num_statements": 41, "percent_covered": 0.0, "percent_covered_display": "0", "missing_lines": 41, "excluded_lines": 0, "percent_statements_covered": 0.0, "percent_statements_covered_display": "0"}, "missing_lines": [1370, 1371, 1372, 1374, 1380, 1381, 1382, 1383, 1384, 1387, 1388, 1389, 1394, 1395, 1396, 1397, 1402, 1403, 1404, 1405, 1413, 1419, 1420, 1423, 1424, 1425, 1426, 1428, 1429, 1430, 1431, 1432, 1433, 1434, 1435, 1436, 1438, 1448, 1449, 1450, 1452], "excluded_lines": []}, "route_after_dialectic": {"executed_lines": [], "summary": {"covered_lines": 0, "num_statements": 4, "percent_covered": 0.0, "percent_covered_display": "0", "missing_lines": 4, "excluded_lines": 0, "percent_statements_covered": 0.0, "percent_statements_covered_display": "0"}, "missing_lines": [1467, 1468, 1469, 1471], "excluded_lines": []}, "route_after_clarification": {"executed_lines": [], "summary": {"covered_lines": 0, "num_statements": 3, "percent_covered": 0.0, "percent_covered_display": "0", "missing_lines": 3, "excluded_lines": 0, "percent_statements_covered": 0.0, "percent_statements_covered_display": "0"}, "missing_lines": [1478, 1479, 1482], "excluded_lines": []}, "route_after_research": {"executed_lines": [], "summary": {"covered_lines": 0, "num_statements": 3, "percent_covered": 0.0, "percent_covered_display": "0", "missing_lines": 3, "excluded_lines": 0, "percent_statements_covered": 0.0, "percent_statements_covered_display": "0"}, "missing_lines": [1487, 1488, 1491], "excluded_lines": []}, "route_after_test": {"executed_lines": [], "summary": {"covered_lines": 0, "num_statements": 3, "percent_covered": 0.0, "percent_covered_display": "0", "missing_lines": 3, "excluded_lines": 0, "percent_statements_covered": 0.0, "percent_statements_covered_display": "0"}, "missing_lines": [1496, 1497, 1499], "excluded_lines": []}, "route_after_fix": {"executed_lines": [], "summary": {"covered_lines": 0, "num_statements": 5, "percent_covered": 0.0, "percent_covered_display": "0", "missing_lines": 5, "excluded_lines": 0, "percent_statements_covered": 0.0, "percent_statements_covered_display": "0"}, "missing_lines": [1504, 1505, 1507, 1508, 1510], "excluded_lines": []}, "should_continue": {"executed_lines": [], "summary": {"covered_lines": 0, "num_statements": 1, "percent_covered": 0.0, "percent_covered_display": "0", "missing_lines": 1, "excluded_lines": 0, "percent_statements_covered": 0.0, "percent_statements_covered_display": "0"}, "missing_lines": [1515], "excluded_lines": []}, "create_tdd_graph": {"executed_lines": [], "summary": {"covered_lines": 0, "num_statements": 23, "percent_covered": 0.0, "percent_covered_display": "0", "missing_lines": 23, "excluded_lines": 0, "percent_statements_covered": 0.0, "percent_statements_covered_display": "0"}, "missing_lines": [1544, 1547, 1548, 1549, 1550, 1551, 1552, 1553, 1554, 1555, 1556, 1559, 1562, 1572, 1582, 1592, 1593, 1596, 1606, 1616, 1617, 1620, 1622], "excluded_lines": []}, "create_orchestrator": {"executed_lines": [], "summary": {"covered_lines": 0, "num_statements": 4, "percent_covered": 0.0, "percent_covered_display": "0", "missing_lines": 4, "excluded_lines": 0, "percent_statements_covered": 0.0, "percent_statements_covered_display": "0"}, "missing_lines": [1635, 1637, 1638, 1640], "excluded_lines": []}, "TDDOrchestrator.__init__": {"executed_lines": [], "summary": {"covered_lines": 0, "num_statements": 13, "percent_covered": 0.0, "percent_covered_display": "0", "missing_lines": 13, "excluded_lines": 0, "percent_statements_covered": 0.0, "percent_statements_covered_display": "0"}, "missing_lines": [1669, 1670, 1671, 1673, 1674, 1675, 1676, 1679, 1680, 1681, 1682, 1688, 1692], "excluded_lines": []}, "TDDOrchestrator.run": {"executed_lines": [], "summary": {"covered_lines": 0, "num_statements": 95, "percent_covered": 0.0, "percent_covered_display": "0", "missing_lines": 95, "excluded_lines": 0, "percent_statements_covered": 0.0, "percent_statements_covered_display": "0"}, "missing_lines": [1724, 1727, 1728, 1729, 1732, 1733, 1734, 1735, 1736, 1737, 1738, 1739, 1740, 1741, 1742, 1743, 1746, 1747, 1748, 1749, 1750, 1751, 1756, 1757, 1760, 1761, 1762, 1763, 1764, 1765, 1766, 1767, 1770, 1771, 1772, 1773, 1774, 1779, 1780, 1784, 1785, 1787, 1807, 1810, 1811, 1812, 1813, 1816, 1817, 1818, 1819, 1820, 1821, 1822, 1825, 1826, 1827, 1829, 1830, 1831, 1832, 1833, 1834, 1835, 1838, 1839, 1840, 1841, 1844, 1846, 1847, 1848, 1849, 1850, 1851, 1852, 1855, 1856, 1859, 1860, 1863, 1866, 1867, 1868, 1869, 1870, 1873, 1874, 1875, 1876, 1877, 1878, 1882, 1883, 1885], "excluded_lines": []}, "TDDOrchestrator.resume": {"executed_lines": [], "summary": {"covered_lines": 0, "num_statements": 12, "percent_covered": 0.0, "percent_covered_display": "0", "missing_lines": 12, "excluded_lines": 0, "percent_statements_covered": 0.0, "percent_statements_covered_display": "0"}, "missing_lines": [1902, 1903, 1905, 1908, 1910, 1912, 1916, 1919, 1920, 1921, 1922, 1924], "excluded_lines": []}, "TDDOrchestrator.get_state": {"executed_lines": [], "summary": {"covered_lines": 0, "num_statements": 4, "percent_covered": 0.0, "percent_covered_display": "0", "missing_lines": 4, "excluded_lines": 0, "percent_statements_covered": 0.0, "percent_statements_covered_display": "0"}, "missing_lines": [1928, 1929, 1931, 1932], "excluded_lines": []}, "run_tdd_cycle": {"executed_lines": [], "summary": {"covered_lines": 0, "num_statements": 3, "percent_covered": 0.0, "percent_covered_display": "0", "missing_lines": 3, "excluded_lines": 0, "percent_statements_covered": 0.0, "percent_statements_covered_display": "0"}, "missing_lines": [1957, 1959, 1961], "excluded_lines": []}, "": {"executed_lines": [1, 22, 23, 24, 25, 26, 28, 29, 32, 33, 34, 38, 46, 47, 48, 53, 54, 57, 58, 64, 65, 66, 71, 72, 73, 78, 79, 80, 85, 86, 87, 92, 93, 94, 99, 100, 101, 106, 107, 108, 113, 114, 115, 120, 121, 122, 127, 128, 129, 134, 135, 136, 141, 142, 143, 148, 149, 154, 155, 159, 163, 170, 171, 172, 173, 174, 175, 176, 177, 178, 179, 180, 181, 184, 185, 186, 187, 188, 189, 192, 193, 194, 195, 196, 197, 200, 201, 202, 203, 204, 205, 208, 209, 210, 211, 212, 213, 217, 230, 311, 312, 319, 320, 323, 326, 329, 330, 333, 334, 335, 338, 339, 342, 343, 346, 347, 350, 351, 352, 353, 354, 357, 360, 367, 390, 556, 687, 803, 939, 1103, 1210, 1259, 1361, 1465, 1474, 1485, 1494, 1502, 1513, 1522, 1625, 1647, 1648, 1655, 1694, 1887, 1926, 1939], "summary": {"covered_lines": 140, "num_statements": 173, "percent_covered": 80.92485549132948, "percent_covered_display": "81", "missing_lines": 33, "excluded_lines": 0, "percent_statements_covered": 80.92485549132948, "percent_statements_covered_display": "81"}, "missing_lines": [35, 36, 49, 50, 59, 60, 61, 67, 68, 74, 75, 81, 82, 88, 89, 95, 96, 102, 103, 109, 110, 116, 117, 123, 124, 130, 131, 137, 138, 150, 151, 160, 161], "excluded_lines": []}}, "classes": {"CyclePhase": {"executed_lines": [], "summary": {"covered_lines": 0, "num_statements": 0, "percent_covered": 100.0, "percent_covered_display": "100", "missing_lines": 0, "excluded_lines": 0, "percent_statements_covered": 100.0, "percent_statements_covered_display": "100"}, "missing_lines": [], "excluded_lines": []}, "HumanCheckpointType": {"executed_lines": [], "summary": {"covered_lines": 0, "num_statements": 0, "percent_covered": 100.0, "percent_covered_display": "100", "missing_lines": 0, "excluded_lines": 0, "percent_statements_covered": 100.0, "percent_statements_covered_display": "100"}, "missing_lines": [], "excluded_lines": []}, "AgentMessage": {"executed_lines": [], "summary": {"covered_lines": 0, "num_statements": 0, "percent_covered": 100.0, "percent_covered_display": "100", "missing_lines": 0, "excluded_lines": 0, "percent_statements_covered": 100.0, "percent_statements_covered_display": "100"}, "missing_lines": [], "excluded_lines": []}, "TestResult": {"executed_lines": [], "summary": {"covered_lines": 0, "num_statements": 0, "percent_covered": 100.0, "percent_covered_display": "100", "missing_lines": 0, "excluded_lines": 0, "percent_statements_covered": 100.0, "percent_statements_covered_display": "100"}, "missing_lines": [], "excluded_lines": []}, "BuildArtifact": {"executed_lines": [], "summary": {"covered_lines": 0, "num_statements": 0, "percent_covered": 100.0, "percent_covered_display": "100", "missing_lines": 0, "excluded_lines": 0, "percent_statements_covered": 100.0, "percent_statements_covered_display": "100"}, "missing_lines": [], "excluded_lines": []}, "GraphState": {"executed_lines": [], "summary": {"covered_lines": 0, "num_statements": 0, "percent_covered": 100.0, "percent_covered_display": "100", "missing_lines": 0, "excluded_lines": 0, "percent_statements_covered": 100.0, "percent_statements_covered_display": "100"}, "missing_lines": [], "excluded_lines": []}, "TDDOrchestrator": {"executed_lines": [], "summary": {"covered_lines": 0, "num_statements": 124, "percent_covered": 0.0, "percent_covered_display": "0", "missing_lines": 124, "excluded_lines": 0, "percent_statements_covered": 0.0, "percent_statements_covered_display": "0"}, "missing_lines": [1669, 1670, 1671, 1673, 1674, 1675, 1676, 1679, 1680, 1681, 1682, 1688, 1692, 1724, 1727, 1728, 1729, 1732, 1733, 1734, 1735, 1736, 1737, 1738, 1739, 1740, 1741, 1742, 1743, 1746, 1747, 1748, 1749, 1750, 1751, 1756, 1757, 1760, 1761, 1762, 1763, 1764, 1765, 1766, 1767, 1770, 1771, 1772, 1773, 1774, 1779, 1780, 1784, 1785, 1787, 1807, 1810, 1811, 1812, 1813, 1816, 1817, 1818, 1819, 1820, 1821, 1822, 1825, 1826, 1827, 1829, 1830, 1831, 1832, 1833, 1834, 1835, 1838, 1839, 1840, 1841, 1844, 1846, 1847, 1848, 1849, 1850, 1851, 1852, 1855, 1856, 1859, 1860, 1863, 1866, 1867, 1868, 1869, 1870, 1873, 1874, 1875, 1876, 1877, 1878, 1882, 1883, 1885, 1902, 1903, 1905, 1908, 1910, 1912, 1916, 1919, 1920, 1921, 1922, 1924, 1928, 1929, 1931, 1932], "excluded_lines": []}, "": {"executed_lines": [1, 22, 23, 24, 25, 26, 28, 29, 32, 33, 34, 38, 46, 47, 48, 53, 54, 57, 58, 64, 65, 66, 71, 72, 73, 78, 79, 80, 85, 86, 87, 92, 93, 94, 99, 100, 101, 106, 107, 108, 113, 114, 115, 120, 121, 122, 127, 128, 129, 134, 135, 136, 141, 142, 143, 148, 149, 154, 155, 159, 163, 170, 171, 172, 173, 174, 175, 176, 177, 178, 179, 180, 181, 184, 185, 186, 187, 188, 189, 192, 193, 194, 195, 196, 197, 200, 201, 202, 203, 204, 205, 208, 209, 210, 211, 212, 213, 217, 230, 311, 312, 319, 320, 323, 326, 329, 330, 333, 334, 335, 338, 339, 342, 343, 346, 347, 350, 351, 352, 353, 354, 357, 360, 367, 390, 556, 687, 803, 939, 1103, 1210, 1259, 1361, 1465, 1474, 1485, 1494, 1502, 1513, 1522, 1625, 1647, 1648, 1655, 1694, 1887, 1926, 1939], "summary": {"covered_lines": 140, "num_statements": 582, "percent_covered": 24.054982817869416, "percent_covered_display": "24", "missing_lines": 442, "excluded_lines": 0, "percent_statements_covered": 24.054982817869416, "percent_statements_covered_display": "24"}, "missing_lines": [35, 36, 49, 50, 59, 60, 61, 67, 68, 74, 75, 81, 82, 88, 89, 95, 96, 102, 103, 109, 110, 116, 117, 123, 124, 130, 131, 137, 138, 150, 151, 160, 161, 219, 220, 221, 222, 223, 250, 252, 253, 254, 255, 257, 258, 261, 262, 263, 264, 267, 268, 269, 270, 271, 272, 274, 275, 276, 277, 279, 280, 281, 282, 284, 285, 286, 288, 289, 290, 291, 292, 293, 294, 295, 296, 298, 299, 300, 301, 303, 304, 305, 306, 308, 375, 405, 406, 408, 413, 414, 415, 418, 419, 420, 421, 422, 429, 430, 431, 432, 433, 440, 441, 443, 444, 445, 448, 466, 472, 480, 483, 485, 486, 491, 494, 495, 506, 507, 509, 510, 511, 512, 513, 514, 515, 516, 518, 520, 527, 528, 529, 534, 535, 536, 541, 546, 567, 568, 569, 570, 572, 575, 576, 577, 578, 579, 581, 584, 585, 586, 587, 594, 595, 597, 599, 601, 610, 611, 612, 613, 614, 616, 618, 624, 625, 626, 627, 628, 629, 634, 642, 643, 646, 651, 656, 665, 666, 667, 668, 670, 671, 672, 674, 680, 699, 700, 702, 707, 708, 710, 711, 712, 714, 725, 731, 740, 752, 758, 778, 780, 788, 789, 790, 795, 817, 818, 821, 823, 837, 838, 840, 841, 842, 845, 854, 864, 870, 876, 877, 878, 883, 884, 886, 897, 898, 899, 900, 908, 909, 910, 911, 912, 918, 919, 920, 925, 930, 951, 952, 954, 961, 962, 965, 966, 967, 968, 969, 971, 972, 973, 976, 977, 978, 979, 981, 982, 985, 995, 1001, 1002, 1008, 1014, 1015, 1029, 1044, 1045, 1046, 1058, 1061, 1071, 1072, 1073, 1078, 1079, 1080, 1085, 1090, 1095, 1113, 1114, 1115, 1116, 1120, 1122, 1129, 1142, 1145, 1146, 1147, 1151, 1153, 1154, 1155, 1165, 1171, 1172, 1175, 1176, 1177, 1178, 1180, 1185, 1186, 1192, 1193, 1196, 1197, 1199, 1201, 1218, 1219, 1220, 1223, 1225, 1231, 1232, 1236, 1244, 1245, 1246, 1247, 1252, 1269, 1270, 1273, 1275, 1288, 1291, 1292, 1293, 1294, 1295, 1296, 1298, 1315, 1316, 1320, 1321, 1325, 1326, 1327, 1328, 1334, 1335, 1338, 1339, 1340, 1341, 1349, 1350, 1351, 1353, 1370, 1371, 1372, 1374, 1380, 1381, 1382, 1383, 1384, 1387, 1388, 1389, 1394, 1395, 1396, 1397, 1402, 1403, 1404, 1405, 1413, 1419, 1420, 1423, 1424, 1425, 1426, 1428, 1429, 1430, 1431, 1432, 1433, 1434, 1435, 1436, 1438, 1448, 1449, 1450, 1452, 1467, 1468, 1469, 1471, 1478, 1479, 1482, 1487, 1488, 1491, 1496, 1497, 1499, 1504, 1505, 1507, 1508, 1510, 1515, 1544, 1547, 1548, 1549, 1550, 1551, 1552, 1553, 1554, 1555, 1556, 1559, 1562, 1572, 1582, 1592, 1593, 1596, 1606, 1616, 1617, 1620, 1622, 1635, 1637, 1638, 1640, 1957, 1959, 1961], "excluded_lines": []}}}, "agents/prompts.py": {"executed_lines": [1, 14, 15, 16, 27, 30, 40, 53, 82, 102, 172, 198, 224, 269, 546, 617, 674, 749, 814, 887, 951, 998, 1057, 1068], "summary": {"covered_lines": 23, "num_statements": 354, "percent_covered": 6.497175141242938, "percent_covered_display": "6", "missing_lines": 331, "excluded_lines": 0, "percent_statements_covered": 6.497175141242938, "percent_statements_covered_display": "6"}, "missing_lines": [33, 34, 35, 36, 37, 42, 43, 44, 45, 46, 64, 65, 66, 67, 69, 70, 73, 88, 91, 92, 93, 94, 95, 96, 97, 99, 129, 130, 132, 133, 134, 135, 142, 143, 145, 148, 149, 150, 151, 153, 154, 155, 156, 157, 159, 160, 161, 162, 163, 164, 165, 167, 169, 186, 187, 189, 190, 191, 192, 193, 195, 212, 213, 215, 216, 217, 218, 219, 221, 238, 239, 240, 242, 243, 244, 245, 246, 248, 251, 252, 253, 256, 257, 258, 259, 260, 262, 316, 328, 329, 330, 331, 332, 338, 341, 342, 345, 346, 349, 351, 352, 354, 355, 357, 359, 360, 362, 363, 365, 366, 368, 370, 371, 372, 373, 374, 375, 377, 379, 380, 382, 384, 386, 387, 388, 389, 390, 391, 393, 395, 396, 397, 398, 399, 401, 402, 411, 413, 415, 416, 417, 418, 419, 420, 421, 422, 423, 426, 428, 430, 432, 439, 444, 446, 453, 458, 460, 467, 472, 474, 481, 487, 489, 496, 502, 504, 511, 517, 518, 526, 533, 534, 535, 538, 539, 541, 543, 562, 563, 565, 568, 569, 570, 571, 572, 575, 576, 577, 578, 579, 580, 581, 584, 585, 586, 587, 588, 589, 590, 591, 592, 593, 594, 595, 596, 599, 600, 601, 602, 603, 604, 605, 606, 607, 608, 610, 631, 634, 637, 638, 639, 640, 641, 642, 643, 646, 654, 655, 656, 657, 658, 660, 667, 690, 693, 696, 697, 698, 699, 700, 701, 703, 704, 705, 706, 707, 710, 711, 714, 722, 723, 729, 730, 731, 732, 733, 735, 742, 763, 766, 769, 770, 771, 772, 773, 774, 777, 788, 789, 795, 807, 828, 831, 834, 835, 836, 837, 838, 839, 842, 843, 844, 845, 846, 849, 859, 860, 866, 867, 868, 869, 870, 871, 873, 880, 901, 904, 907, 908, 909, 910, 911, 912, 913, 916, 924, 925, 932, 944, 965, 968, 971, 991, 1012, 1015, 1018, 1019, 1020, 1021, 1022, 1023, 1026, 1034, 1035, 1041, 1050, 1086, 1087, 1088, 1090, 1091], "excluded_lines": [], "functions": {"get_agent_config": {"executed_lines": [], "summary": {"covered_lines": 0, "num_statements": 5, "percent_covered": 0.0, "percent_covered_display": "0", "missing_lines": 5, "excluded_lines": 0, "percent_statements_covered": 0.0, "percent_statements_covered_display": "0"}, "missing_lines": [33, 34, 35, 36, 37], "excluded_lines": []}, "get_agent_system_prompt": {"executed_lines": [], "summary": {"covered_lines": 0, "num_statements": 5, "percent_covered": 0.0, "percent_covered_display": "0", "missing_lines": 5, "excluded_lines": 0, "percent_statements_covered": 0.0, "percent_statements_covered_display": "0"}, "missing_lines": [42, 43, 44, 45, 46], "excluded_lines": []}, "extract_node_context": {"executed_lines": [], "summary": {"covered_lines": 0, "num_statements": 7, "percent_covered": 0.0, "percent_covered_display": "0", "missing_lines": 7, "excluded_lines": 0, "percent_statements_covered": 0.0, "percent_statements_covered_display": "0"}, "missing_lines": [64, 65, 66, 67, 69, 70, 73], "excluded_lines": []}, "extract_predecessor_context": {"executed_lines": [], "summary": {"covered_lines": 0, "num_statements": 9, "percent_covered": 0.0, "percent_covered_display": "0", "missing_lines": 9, "excluded_lines": 0, "percent_statements_covered": 0.0, "percent_statements_covered_display": "0"}, "missing_lines": [88, 91, 92, 93, 94, 95, 96, 97, 99], "excluded_lines": []}, "extract_dependency_chain": {"executed_lines": [], "summary": {"covered_lines": 0, "num_statements": 27, "percent_covered": 0.0, "percent_covered_display": "0", "missing_lines": 27, "excluded_lines": 0, "percent_statements_covered": 0.0, "percent_statements_covered_display": "0"}, "missing_lines": [129, 130, 132, 133, 134, 135, 142, 143, 145, 148, 149, 150, 151, 153, 154, 155, 156, 157, 159, 160, 161, 162, 163, 164, 165, 167, 169], "excluded_lines": []}, "get_relevant_specs": {"executed_lines": [], "summary": {"covered_lines": 0, "num_statements": 8, "percent_covered": 0.0, "percent_covered_display": "0", "missing_lines": 8, "excluded_lines": 0, "percent_statements_covered": 0.0, "percent_statements_covered_display": "0"}, "missing_lines": [186, 187, 189, 190, 191, 192, 193, 195], "excluded_lines": []}, "get_relevant_tests": {"executed_lines": [], "summary": {"covered_lines": 0, "num_statements": 8, "percent_covered": 0.0, "percent_covered_display": "0", "missing_lines": 8, "excluded_lines": 0, "percent_statements_covered": 0.0, "percent_statements_covered_display": "0"}, "missing_lines": [212, 213, 215, 216, 217, 218, 219, 221], "excluded_lines": []}, "get_requirement_chain": {"executed_lines": [], "summary": {"covered_lines": 0, "num_statements": 18, "percent_covered": 0.0, "percent_covered_display": "0", "missing_lines": 18, "excluded_lines": 0, "percent_statements_covered": 0.0, "percent_statements_covered_display": "0"}, "missing_lines": [238, 239, 240, 242, 243, 244, 245, 246, 248, 251, 252, 253, 256, 257, 258, 259, 260, 262], "excluded_lines": []}, "assemble_hybrid_context": {"executed_lines": [], "summary": {"covered_lines": 0, "num_statements": 90, "percent_covered": 0.0, "percent_covered_display": "0", "missing_lines": 90, "excluded_lines": 0, "percent_statements_covered": 0.0, "percent_statements_covered_display": "0"}, "missing_lines": [316, 328, 329, 330, 331, 332, 338, 341, 342, 345, 346, 349, 351, 352, 354, 355, 357, 359, 360, 362, 363, 365, 366, 368, 370, 371, 372, 373, 374, 375, 377, 379, 380, 382, 384, 386, 387, 388, 389, 390, 391, 393, 395, 396, 397, 398, 399, 401, 402, 411, 413, 415, 416, 417, 418, 419, 420, 421, 422, 423, 426, 428, 430, 432, 439, 444, 446, 453, 458, 460, 467, 472, 474, 481, 487, 489, 496, 502, 504, 511, 517, 518, 526, 533, 534, 535, 538, 539, 541, 543], "excluded_lines": []}, "format_hybrid_context_for_prompt": {"executed_lines": [], "summary": {"covered_lines": 0, "num_statements": 39, "percent_covered": 0.0, "percent_covered_display": "0", "missing_lines": 39, "excluded_lines": 0, "percent_statements_covered": 0.0, "percent_statements_covered_display": "0"}, "missing_lines": [562, 563, 565, 568, 569, 570, 571, 572, 575, 576, 577, 578, 579, 580, 581, 584, 585, 586, 587, 588, 589, 590, 591, 592, 593, 594, 595, 596, 599, 600, 601, 602, 603, 604, 605, 606, 607, 608, 610], "excluded_lines": []}, "build_architect_prompt": {"executed_lines": [], "summary": {"covered_lines": 0, "num_statements": 17, "percent_covered": 0.0, "percent_covered_display": "0", "missing_lines": 17, "excluded_lines": 0, "percent_statements_covered": 0.0, "percent_statements_covered_display": "0"}, "missing_lines": [631, 634, 637, 638, 639, 640, 641, 642, 643, 646, 654, 655, 656, 657, 658, 660, 667], "excluded_lines": []}, "build_builder_prompt": {"executed_lines": [], "summary": {"covered_lines": 0, "num_statements": 25, "percent_covered": 0.0, "percent_covered_display": "0", "missing_lines": 25, "excluded_lines": 0, "percent_statements_covered": 0.0, "percent_statements_covered_display": "0"}, "missing_lines": [690, 693, 696, 697, 698, 699, 700, 701, 703, 704, 705, 706, 707, 710, 711, 714, 722, 723, 729, 730, 731, 732, 733, 735, 742], "excluded_lines": []}, "build_tester_prompt": {"executed_lines": [], "summary": {"covered_lines": 0, "num_statements": 13, "percent_covered": 0.0, "percent_covered_display": "0", "missing_lines": 13, "excluded_lines": 0, "percent_statements_covered": 0.0, "percent_statements_covered_display": "0"}, "missing_lines": [763, 766, 769, 770, 771, 772, 773, 774, 777, 788, 789, 795, 807], "excluded_lines": []}, "build_verifier_prompt": {"executed_lines": [], "summary": {"covered_lines": 0, "num_statements": 24, "percent_covered": 0.0, "percent_covered_display": "0", "missing_lines": 24, "excluded_lines": 0, "percent_statements_covered": 0.0, "percent_statements_covered_display": "0"}, "missing_lines": [828, 831, 834, 835, 836, 837, 838, 839, 842, 843, 844, 845, 846, 849, 859, 860, 866, 867, 868, 869, 870, 871, 873, 880], "excluded_lines": []}, "build_researcher_prompt": {"executed_lines": [], "summary": {"covered_lines": 0, "num_statements": 14, "percent_covered": 0.0, "percent_covered_display": "0", "missing_lines": 14, "excluded_lines": 0, "percent_statements_covered": 0.0, "percent_statements_covered_display": "0"}, "missing_lines": [901, 904, 907, 908, 909, 910, 911, 912, 913, 916, 924, 925, 932, 944], "excluded_lines": []}, "build_dialector_prompt": {"executed_lines": [], "summary": {"covered_lines": 0, "num_statements": 4, "percent_covered": 0.0, "percent_covered_display": "0", "missing_lines": 4, "excluded_lines": 0, "percent_statements_covered": 0.0, "percent_statements_covered_display": "0"}, "missing_lines": [965, 968, 971, 991], "excluded_lines": []}, "build_socrates_prompt": {"executed_lines": [], "summary": {"covered_lines": 0, "num_statements": 13, "percent_covered": 0.0, "percent_covered_display": "0", "missing_lines": 13, "excluded_lines": 0, "percent_statements_covered": 0.0, "percent_statements_covered_display": "0"}, "missing_lines": [1012, 1015, 1018, 1019, 1020, 1021, 1022, 1023, 1026, 1034, 1035, 1041, 1050], "excluded_lines": []}, "build_prompt": {"executed_lines": [], "summary": {"covered_lines": 0, "num_statements": 5, "percent_covered": 0.0, "percent_covered_display": "0", "missing_lines": 5, "excluded_lines": 0, "percent_statements_covered": 0.0, "percent_statements_covered_display": "0"}, "missing_lines": [1086, 1087, 1088, 1090, 1091], "excluded_lines": []}, "": {"executed_lines": [1, 14, 15, 16, 27, 30, 40, 53, 82, 102, 172, 198, 224, 269, 546, 617, 674, 749, 814, 887, 951, 998, 1057, 1068], "summary": {"covered_lines": 23, "num_statements": 23, "percent_covered": 100.0, "percent_covered_display": "100", "missing_lines": 0, "excluded_lines": 0, "percent_statements_covered": 100.0, "percent_statements_covered_display": "100"}, "missing_lines": [], "excluded_lines": []}}, "classes": {"": {"executed_lines": [1, 14, 15, 16, 27, 30, 40, 53, 82, 102, 172, 198, 224, 269, 546, 617, 674, 749, 814, 887, 951, 998, 1057, 1068], "summary": {"covered_lines": 23, "num_statements": 354, "percent_covered": 6.497175141242938, "percent_covered_display": "6", "missing_lines": 331, "excluded_lines": 0, "percent_statements_covered": 6.497175141242938, "percent_statements_covered_display": "6"}, "missing_lines": [33, 34, 35, 36, 37, 42, 43, 44, 45, 46, 64, 65, 66, 67, 69, 70, 73, 88, 91, 92, 93, 94, 95, 96, 97, 99, 129, 130, 132, 133, 134, 135, 142, 143, 145, 148, 149, 150, 151, 153, 154, 155, 156, 157, 159, 160, 161, 162, 163, 164, 165, 167, 169, 186, 187, 189, 190, 191, 192, 193, 195, 212, 213, 215, 216, 217, 218, 219, 221, 238, 239, 240, 242, 243, 244, 245, 246, 248, 251, 252, 253, 256, 257, 258, 259, 260, 262, 316, 328, 329, 330, 331, 332, 338, 341, 342, 345, 346, 349, 351, 352, 354, 355, 357, 359, 360, 362, 363, 365, 366, 368, 370, 371, 372, 373, 374, 375, 377, 379, 380, 382, 384, 386, 387, 388, 389, 390, 391, 393, 395, 396, 397, 398, 399, 401, 402, 411, 413, 415, 416, 417, 418, 419, 420, 421, 422, 423, 426, 428, 430, 432, 439, 444, 446, 453, 458, 460, 467, 472, 474, 481, 487, 489, 496, 502, 504, 511, 517, 518, 526, 533, 534, 535, 538, 539, 541, 543, 562, 563, 565, 568, 569, 570, 571, 572, 575, 576, 577, 578, 579, 580, 581, 584, 585, 586, 587, 588, 589, 590, 591, 592, 593, 594, 595, 596, 599, 600, 601, 602, 603, 604, 605, 606, 607, 608, 610, 631, 634, 637, 638, 639, 640, 641, 642, 643, 646, 654, 655, 656, 657, 658, 660, 667, 690, 693, 696, 697, 698, 699, 700, 701, 703, 704, 705, 706, 707, 710, 711, 714, 722, 723, 729, 730, 731, 732, 733, 735, 742, 763, 766, 769, 770, 771, 772, 773, 774, 777, 788, 789, 795, 807, 828, 831, 834, 835, 836, 837, 838, 839, 842, 843, 844, 845, 846, 849, 859, 860, 866, 867, 868, 869, 870, 871, 873, 880, 901, 904, 907, 908, 909, 910, 911, 912, 913, 916, 924, 925, 932, 944, 965, 968, 971, 991, 1012, 1015, 1018, 1019, 1020, 1021, 1022, 1023, 1026, 1034, 1035, 1041, 1050, 1086, 1087, 1088, 1090, 1091], "excluded_lines": []}}}, "agents/quality_gate.py": {"executed_lines": [1, 19, 20, 21, 23, 24, 31, 32, 33, 34, 35, 36, 37, 38, 39, 40, 47, 48, 49, 50, 51, 52, 53, 54, 55, 56, 57, 64, 65, 78, 85, 88, 95, 155, 170, 172, 173, 180, 182, 183, 184, 186, 187, 188, 196, 198, 218, 219, 221, 223, 225, 229, 230, 231, 232, 233, 242, 245, 252, 253, 266, 267, 275, 277, 300, 302, 309, 362, 380, 382, 384, 386, 389, 390, 393, 394, 395, 396, 398, 423, 425, 438, 440, 443, 445, 446, 448, 449, 451, 454, 457, 460, 462, 472, 473, 481, 482, 483, 494], "summary": {"covered_lines": 95, "num_statements": 139, "percent_covered": 68.34532374100719, "percent_covered_display": "68", "missing_lines": 44, "excluded_lines": 0, "percent_statements_covered": 68.34532374100719, "percent_statements_covered_display": "68"}, "missing_lines": [112, 115, 118, 121, 124, 127, 129, 130, 134, 135, 138, 143, 226, 254, 255, 256, 311, 313, 316, 323, 324, 327, 328, 329, 338, 339, 341, 342, 350, 352, 353, 360, 387, 399, 400, 410, 412, 413, 414, 452, 455, 458, 512, 513], "excluded_lines": [], "functions": {"QualityGate.__init__": {"executed_lines": [85, 88], "summary": {"covered_lines": 2, "num_statements": 2, "percent_covered": 100.0, "percent_covered_display": "100", "missing_lines": 0, "excluded_lines": 0, "percent_statements_covered": 100.0, "percent_statements_covered_display": "100"}, "missing_lines": [], "excluded_lines": []}, "QualityGate.check_quality_floor": {"executed_lines": [], "summary": {"covered_lines": 0, "num_statements": 12, "percent_covered": 0.0, "percent_covered_display": "0", "missing_lines": 12, "excluded_lines": 0, "percent_statements_covered": 0.0, "percent_statements_covered_display": "0"}, "missing_lines": [112, 115, 118, 121, 124, 127, 129, 130, 134, 135, 138, 143], "excluded_lines": []}, "QualityGate._check_test_pass_rate": {"executed_lines": [170, 172, 173, 180, 182, 183, 184, 186, 187, 188, 196], "summary": {"covered_lines": 11, "num_statements": 11, "percent_covered": 100.0, "percent_covered_display": "100", "missing_lines": 0, "excluded_lines": 0, "percent_statements_covered": 100.0, "percent_statements_covered_display": "100"}, "missing_lines": [], "excluded_lines": []}, "QualityGate._check_static_analysis": {"executed_lines": [218, 219, 221, 223, 225, 229, 230, 231, 232, 233, 242, 245, 252, 253, 266, 267, 275], "summary": {"covered_lines": 17, "num_statements": 21, "percent_covered": 80.95238095238095, "percent_covered_display": "81", "missing_lines": 4, "excluded_lines": 0, "percent_statements_covered": 80.95238095238095, "percent_statements_covered_display": "81"}, "missing_lines": [226, 254, 255, 256], "excluded_lines": []}, "QualityGate._check_graph_invariants": {"executed_lines": [300, 302, 309], "summary": {"covered_lines": 3, "num_statements": 19, "percent_covered": 15.789473684210526, "percent_covered_display": "16", "missing_lines": 16, "excluded_lines": 0, "percent_statements_covered": 15.789473684210526, "percent_statements_covered_display": "16"}, "missing_lines": [311, 313, 316, 323, 324, 327, 328, 329, 338, 339, 341, 342, 350, 352, 353, 360], "excluded_lines": []}, "QualityGate._check_complexity": {"executed_lines": [380, 382, 384, 386, 389, 390, 393, 394, 395, 396, 398, 423], "summary": {"covered_lines": 12, "num_statements": 19, "percent_covered": 63.1578947368421, "percent_covered_display": "63", "missing_lines": 7, "excluded_lines": 0, "percent_statements_covered": 63.1578947368421, "percent_statements_covered_display": "63"}, "missing_lines": [387, 399, 400, 410, 412, 413, 414], "excluded_lines": []}, "QualityGate._compute_cyclomatic_complexity": {"executed_lines": [438, 440, 443, 445, 446, 448, 449, 451, 454, 457, 460], "summary": {"covered_lines": 11, "num_statements": 14, "percent_covered": 78.57142857142857, "percent_covered_display": "79", "missing_lines": 3, "excluded_lines": 0, "percent_statements_covered": 78.57142857142857, "percent_statements_covered_display": "79"}, "missing_lines": [452, 455, 458], "excluded_lines": []}, "QualityGate._generate_summary": {"executed_lines": [472, 473, 481, 482, 483], "summary": {"covered_lines": 5, "num_statements": 5, "percent_covered": 100.0, "percent_covered_display": "100", "missing_lines": 0, "excluded_lines": 0, "percent_statements_covered": 100.0, "percent_statements_covered_display": "100"}, "missing_lines": [], "excluded_lines": []}, "check_quality": {"executed_lines": [], "summary": {"covered_lines": 0, "num_statements": 2, "percent_covered": 0.0, "percent_covered_display": "0", "missing_lines": 2, "excluded_lines": 0, "percent_statements_covered": 0.0, "percent_statements_covered_display": "0"}, "missing_lines": [512, 513], "excluded_lines": []}, "": {"executed_lines": [1, 19, 20, 21, 23, 24, 31, 32, 33, 34, 35, 36, 37, 38, 39, 40, 47, 48, 49, 50, 51, 52, 53, 54, 55, 56, 57, 64, 65, 78, 95, 155, 198, 277, 362, 425, 462, 494], "summary": {"covered_lines": 34, "num_statements": 34, "percent_covered": 100.0, "percent_covered_display": "100", "missing_lines": 0, "excluded_lines": 0, "percent_statements_covered": 100.0, "percent_statements_covered_display": "100"}, "missing_lines": [], "excluded_lines": []}}, "classes": {"QualityViolation": {"executed_lines": [], "summary": {"covered_lines": 0, "num_statements": 0, "percent_covered": 100.0, "percent_covered_display": "100", "missing_lines": 0, "excluded_lines": 0, "percent_statements_covered": 100.0, "percent_statements_covered_display": "100"}, "missing_lines": [], "excluded_lines": []}, "QualityReport": {"executed_lines": [], "summary": {"covered_lines": 0, "num_statements": 0, "percent_covered": 100.0, "percent_covered_display": "100", "missing_lines": 0, "excluded_lines": 0, "percent_statements_covered": 100.0, "percent_statements_covered_display": "100"}, "missing_lines": [], "excluded_lines": []}, "QualityGate": {"executed_lines": [85, 88, 170, 172, 173, 180, 182, 183, 184, 186, 187, 188, 196, 218, 219, 221, 223, 225, 229, 230, 231, 232, 233, 242, 245, 252, 253, 266, 267, 275, 300, 302, 309, 380, 382, 384, 386, 389, 390, 393, 394, 395, 396, 398, 423, 438, 440, 443, 445, 446, 448, 449, 451, 454, 457, 460, 472, 473, 481, 482, 483], "summary": {"covered_lines": 61, "num_statements": 103, "percent_covered": 59.22330097087379, "percent_covered_display": "59", "missing_lines": 42, "excluded_lines": 0, "percent_statements_covered": 59.22330097087379, "percent_statements_covered_display": "59"}, "missing_lines": [112, 115, 118, 121, 124, 127, 129, 130, 134, 135, 138, 143, 226, 254, 255, 256, 311, 313, 316, 323, 324, 327, 328, 329, 338, 339, 341, 342, 350, 352, 353, 360, 387, 399, 400, 410, 412, 413, 414, 452, 455, 458], "excluded_lines": []}, "": {"executed_lines": [1, 19, 20, 21, 23, 24, 31, 32, 33, 34, 35, 36, 37, 38, 39, 40, 47, 48, 49, 50, 51, 52, 53, 54, 55, 56, 57, 64, 65, 78, 95, 155, 198, 277, 362, 425, 462, 494], "summary": {"covered_lines": 34, "num_statements": 36, "percent_covered": 94.44444444444444, "percent_covered_display": "94", "missing_lines": 2, "excluded_lines": 0, "percent_statements_covered": 94.44444444444444, "percent_statements_covered_display": "94"}, "missing_lines": [512, 513], "excluded_lines": []}}}, "agents/research.py": {"executed_lines": [1, 21, 22, 23, 24, 26, 27, 29, 30, 31, 34, 35, 36, 37, 41, 48, 49, 50, 51, 52, 53, 54, 57, 66, 67, 73, 74, 77, 80, 81, 82, 85, 86, 89, 90, 93, 94, 95, 98, 105, 122, 201, 325, 455, 468, 511, 512, 518, 532, 590], "summary": {"covered_lines": 46, "num_statements": 178, "percent_covered": 25.84269662921348, "percent_covered_display": "26", "missing_lines": 132, "excluded_lines": 0, "percent_statements_covered": 25.84269662921348, "percent_statements_covered_display": "26"}, "missing_lines": [38, 39, 59, 60, 61, 62, 63, 111, 129, 130, 131, 133, 138, 139, 142, 144, 147, 148, 150, 153, 154, 162, 163, 171, 178, 185, 186, 187, 192, 211, 212, 213, 215, 220, 221, 223, 224, 225, 228, 243, 248, 262, 269, 270, 278, 279, 281, 287, 289, 296, 297, 298, 304, 306, 307, 308, 309, 310, 317, 332, 333, 334, 335, 336, 337, 339, 345, 348, 349, 354, 356, 357, 362, 370, 371, 372, 373, 374, 375, 377, 378, 379, 384, 385, 386, 387, 389, 392, 393, 394, 409, 410, 417, 424, 425, 426, 433, 435, 436, 441, 457, 458, 461, 478, 481, 482, 483, 484, 487, 488, 489, 492, 502, 504, 525, 526, 527, 528, 530, 549, 566, 569, 570, 572, 574, 575, 577, 578, 581, 583, 606, 607], "excluded_lines": [], "functions": {"list_append_reducer": {"executed_lines": [], "summary": {"covered_lines": 0, "num_statements": 5, "percent_covered": 0.0, "percent_covered_display": "0", "missing_lines": 5, "excluded_lines": 0, "
[...]
d": 0.0, "percent_statements_covered_display": "0"}, "missing_lines": [519, 521, 522, 523, 524, 531, 533, 535, 540, 541], "excluded_lines": []}, "query_nodes": {"executed_lines": [], "summary": {"covered_lines": 0, "num_statements": 12, "percent_covered": 0.0, "percent_covered_display": "0", "missing_lines": 12, "excluded_lines": 0, "percent_statements_covered": 0.0, "percent_statements_covered_display": "0"}, "missing_lines": [564, 566, 567, 569, 570, 571, 572, 574, 575, 577, 583, 584], "excluded_lines": []}, "get_node": {"executed_lines": [], "summary": {"covered_lines": 0, "num_statements": 5, "percent_covered": 0.0, "percent_covered_display": "0", "missing_lines": 5, "excluded_lines": 0, "percent_statements_covered": 0.0, "percent_statements_covered_display": "0"}, "missing_lines": [604, 606, 607, 608, 610], "excluded_lines": []}, "get_waves": {"executed_lines": [], "summary": {"covered_lines": 0, "num_statements": 7, "percent_covered": 0.0, "percent_covered_display": "0", "missing_lines": 7, "excluded_lines": 0, "percent_statements_covered": 0.0, "percent_statements_covered_display": "0"}, "missing_lines": [636, 638, 639, 640, 642, 648, 649], "excluded_lines": []}, "get_descendants": {"executed_lines": [], "summary": {"covered_lines": 0, "num_statements": 9, "percent_covered": 0.0, "percent_covered_display": "0", "missing_lines": 9, "excluded_lines": 0, "percent_statements_covered": 0.0, "percent_statements_covered_display": "0"}, "missing_lines": [669, 671, 672, 673, 675, 681, 682, 688, 689], "excluded_lines": []}, "get_ancestors": {"executed_lines": [], "summary": {"covered_lines": 0, "num_statements": 9, "percent_covered": 0.0, "percent_covered_display": "0", "missing_lines": 9, "excluded_lines": 0, "percent_statements_covered": 0.0, "percent_statements_covered_display": "0"}, "missing_lines": [709, 711, 712, 713, 715, 721, 722, 728, 729], "excluded_lines": []}, "check_cycle": {"executed_lines": [], "summary": {"covered_lines": 0, "num_statements": 6, "percent_covered": 0.0, "percent_covered_display": "0", "missing_lines": 6, "excluded_lines": 0, "percent_statements_covered": 0.0, "percent_statements_covered_display": "0"}, "missing_lines": [744, 746, 747, 748, 753, 754], "excluded_lines": []}, "get_graph_stats": {"executed_lines": [], "summary": {"covered_lines": 0, "num_statements": 2, "percent_covered": 0.0, "percent_covered_display": "0", "missing_lines": 2, "excluded_lines": 0, "percent_statements_covered": 0.0, "percent_statements_covered_display": "0"}, "missing_lines": [768, 770], "excluded_lines": []}, "parse_source": {"executed_lines": [], "summary": {"covered_lines": 0, "num_statements": 16, "percent_covered": 0.0, "percent_covered_display": "0", "missing_lines": 16, "excluded_lines": 0, "percent_statements_covered": 0.0, "percent_statements_covered_display": "0"}, "missing_lines": [796, 797, 799, 800, 801, 809, 810, 811, 813, 816, 819, 820, 824, 826, 833, 834], "excluded_lines": []}, "import_graph_from_file": {"executed_lines": [], "summary": {"covered_lines": 0, "num_statements": 12, "percent_covered": 0.0, "percent_covered_display": "0", "missing_lines": 12, "excluded_lines": 0, "percent_statements_covered": 0.0, "percent_statements_covered_display": "0"}, "missing_lines": [875, 876, 881, 882, 884, 885, 890, 891, 892, 898, 905, 906], "excluded_lines": []}, "export_graph_to_parquet": {"executed_lines": [], "summary": {"covered_lines": 0, "num_statements": 16, "percent_covered": 0.0, "percent_covered_display": "0", "missing_lines": 16, "excluded_lines": 0, "percent_statements_covered": 0.0, "percent_statements_covered_display": "0"}, "missing_lines": [932, 934, 936, 938, 939, 940, 947, 948, 951, 952, 953, 959, 960, 962, 969, 970], "excluded_lines": []}, "align_node_sets": {"executed_lines": [], "summary": {"covered_lines": 0, "num_statements": 22, "percent_covered": 0.0, "percent_covered_display": "0", "missing_lines": 22, "excluded_lines": 0, "percent_statements_covered": 0.0, "percent_statements_covered_display": "0"}, "missing_lines": [996, 998, 1000, 1002, 1003, 1005, 1006, 1008, 1009, 1019, 1020, 1022, 1023, 1027, 1033, 1034, 1035, 1037, 1045, 1046, 1054, 1055], "excluded_lines": []}, "check_syntax": {"executed_lines": [], "summary": {"covered_lines": 0, "num_statements": 19, "percent_covered": 0.0, "percent_covered_display": "0", "missing_lines": 19, "excluded_lines": 0, "percent_statements_covered": 0.0, "percent_statements_covered_display": "0"}, "missing_lines": [1086, 1088, 1089, 1091, 1092, 1094, 1095, 1096, 1098, 1101, 1103, 1111, 1113, 1115, 1125, 1134, 1135, 1143, 1144], "excluded_lines": []}, "check_syntax.find_errors": {"executed_lines": [], "summary": {"covered_lines": 0, "num_statements": 6, "percent_covered": 0.0, "percent_covered_display": "0", "missing_lines": 6, "excluded_lines": 0, "percent_statements_covered": 0.0, "percent_statements_covered_display": "0"}, "missing_lines": [1104, 1105, 1106, 1107, 1108, 1109], "excluded_lines": []}, "verify_alignment": {"executed_lines": [], "summary": {"covered_lines": 0, "num_statements": 23, "percent_covered": 0.0, "percent_covered_display": "0", "missing_lines": 23, "excluded_lines": 0, "percent_statements_covered": 0.0, "percent_statements_covered_display": "0"}, "missing_lines": [1176, 1178, 1180, 1181, 1183, 1184, 1195, 1196, 1207, 1210, 1211, 1212, 1213, 1216, 1217, 1218, 1223, 1225, 1226, 1231, 1233, 1244, 1245], "excluded_lines": []}, "_compute_alignment_score": {"executed_lines": [1271, 1274, 1275, 1278, 1279, 1282, 1283, 1284, 1286, 1287, 1290, 1291, 1293, 1296], "summary": {"covered_lines": 14, "num_statements": 15, "percent_covered": 93.33333333333333, "percent_covered_display": "93", "missing_lines": 1, "excluded_lines": 0, "percent_statements_covered": 93.33333333333333, "percent_statements_covered_display": "93"}, "missing_lines": [1294], "excluded_lines": []}, "add_node_safe": {"executed_lines": [], "summary": {"covered_lines": 0, "num_statements": 58, "percent_covered": 0.0, "percent_covered_display": "0", "missing_lines": 58, "excluded_lines": 0, "percent_statements_covered": 0.0, "percent_statements_covered_display": "0"}, "missing_lines": [1334, 1335, 1338, 1339, 1340, 1341, 1342, 1343, 1346, 1347, 1357, 1359, 1360, 1362, 1363, 1367, 1375, 1377, 1385, 1386, 1391, 1394, 1395, 1396, 1399, 1401, 1402, 1407, 1410, 1411, 1412, 1414, 1415, 1417, 1426, 1427, 1430, 1432, 1433, 1443, 1444, 1445, 1446, 1447, 1448, 1449, 1450, 1453, 1456, 1457, 1460, 1462, 1464, 1471, 1480, 1481, 1489, 1490], "excluded_lines": []}, "update_node_status": {"executed_lines": [], "summary": {"covered_lines": 0, "num_statements": 10, "percent_covered": 0.0, "percent_covered_display": "0", "missing_lines": 10, "excluded_lines": 0, "percent_statements_covered": 0.0, "percent_statements_covered_display": "0"}, "missing_lines": [1514, 1516, 1517, 1518, 1519, 1525, 1536, 1538, 1543, 1544], "excluded_lines": []}, "get_tool": {"executed_lines": [], "summary": {"covered_lines": 0, "num_statements": 1, "percent_covered": 0.0, "percent_covered_display": "0", "missing_lines": 1, "excluded_lines": 0, "percent_statements_covered": 0.0, "percent_statements_covered_display": "0"}, "missing_lines": [1587], "excluded_lines": []}, "list_tools": {"executed_lines": [], "summary": {"covered_lines": 0, "num_statements": 1, "percent_covered": 0.0, "percent_covered_display": "0", "missing_lines": 1, "excluded_lines": 0, "percent_statements_covered": 0.0, "percent_statements_covered_display": "0"}, "missing_lines": [1592], "excluded_lines": []}, "": {"executed_lines": [1, 22, 23, 24, 26, 27, 28, 29, 32, 33, 39, 48, 49, 50, 51, 52, 53, 56, 68, 81, 93, 130, 138, 188, 206, 225, 233, 255, 267, 268, 269, 270, 273, 274, 275, 276, 277, 280, 281, 282, 283, 284, 285, 288, 289, 290, 291, 292, 295, 296, 297, 298, 299, 300, 303, 304, 305, 306, 307, 308, 311, 312, 313, 314, 315, 318, 319, 320, 321, 322, 323, 324, 327, 328, 329, 330, 331, 332, 333, 334, 337, 338, 339, 340, 341, 342, 343, 344, 347, 348, 349, 350, 351, 352, 353, 354, 355, 356, 359, 360, 361, 362, 363, 364, 365, 366, 373, 420, 463, 507, 548, 592, 626, 657, 697, 737, 761, 782, 847, 848, 849, 850, 851, 852, 853, 856, 913, 980, 1069, 1154, 1257, 1299, 1500, 1555, 1585, 1590], "summary": {"covered_lines": 122, "num_statements": 124, "percent_covered": 98.38709677419355, "percent_covered_display": "98", "missing_lines": 2, "excluded_lines": 0, "percent_statements_covered": 98.38709677419355, "percent_statements_covered_display": "98"}, "missing_lines": [40, 41], "excluded_lines": []}}, "classes": {"ToolResult": {"executed_lines": [], "summary": {"covered_lines": 0, "num_statements": 0, "percent_covered": 100.0, "percent_covered_display": "100", "missing_lines": 0, "excluded_lines": 0, "percent_statements_covered": 100.0, "percent_statements_covered_display": "100"}, "missing_lines": [], "excluded_lines": []}, "NodeResult": {"executed_lines": [], "summary": {"covered_lines": 0, "num_statements": 0, "percent_covered": 100.0, "percent_covered_display": "100", "missing_lines": 0, "excluded_lines": 0, "percent_statements_covered": 100.0, "percent_statements_covered_display": "100"}, "missing_lines": [], "excluded_lines": []}, "BatchNodeResult": {"executed_lines": [], "summary": {"covered_lines": 0, "num_statements": 0, "percent_covered": 100.0, "percent_covered_display": "100", "missing_lines": 0, "excluded_lines": 0, "percent_statements_covered": 100.0, "percent_statements_covered_display": "100"}, "missing_lines": [], "excluded_lines": []}, "EdgeResult": {"executed_lines": [], "summary": {"covered_lines": 0, "num_statements": 0, "percent_covered": 100.0, "percent_covered_display": "100", "missing_lines": 0, "excluded_lines": 0, "percent_statements_covered": 100.0, "percent_statements_covered_display": "100"}, "missing_lines": [], "excluded_lines": []}, "QueryResult": {"executed_lines": [], "summary": {"covered_lines": 0, "num_statements": 0, "percent_covered": 100.0, "percent_covered_display": "100", "missing_lines": 0, "excluded_lines": 0, "percent_statements_covered": 100.0, "percent_statements_covered_display": "100"}, "missing_lines": [], "excluded_lines": []}, "WaveResult": {"executed_lines": [], "summary": {"covered_lines": 0, "num_statements": 0, "percent_covered": 100.0, "percent_covered_display": "100", "missing_lines": 0, "excluded_lines": 0, "percent_statements_covered": 100.0, "percent_statements_covered_display": "100"}, "missing_lines": [], "excluded_lines": []}, "CycleResult": {"executed_lines": [], "summary": {"covered_lines": 0, "num_statements": 0, "percent_covered": 100.0, "percent_covered_display": "100", "missing_lines": 0, "excluded_lines": 0, "percent_statements_covered": 100.0, "percent_statements_covered_display": "100"}, "missing_lines": [], "excluded_lines": []}, "ParseResult": {"executed_lines": [], "summary": {"covered_lines": 0, "num_statements": 0, "percent_covered": 100.0, "percent_covered_display": "100", "missing_lines": 0, "excluded_lines": 0, "percent_statements_covered": 100.0, "percent_statements_covered_display": "100"}, "missing_lines": [], "excluded_lines": []}, "AlignmentResult": {"executed_lines": [], "summary": {"covered_lines": 0, "num_statements": 0, "percent_covered": 100.0, "percent_covered_display": "100", "missing_lines": 0, "excluded_lines": 0, "percent_statements_covered": 100.0, "percent_statements_covered_display": "100"}, "missing_lines": [], "excluded_lines": []}, "SyntaxCheckResult": {"executed_lines": [], "summary": {"covered_lines": 0, "num_statements": 0, "percent_covered": 100.0, "percent_covered_display": "100", "missing_lines": 0, "excluded_lines": 0, "percent_statements_covered": 100.0, "percent_statements_covered_display": "100"}, "missing_lines": [], "excluded_lines": []}, "AuditResult": {"executed_lines": [], "summary": {"covered_lines": 0, "num_statements": 0, "percent_covered": 100.0, "percent_covered_display": "100", "missing_lines": 0, "excluded_lines": 0, "percent_statements_covered": 100.0, "percent_statements_covered_display": "100"}, "missing_lines": [], "excluded_lines": []}, "SafeNodeResult": {"executed_lines": [], "summary": {"covered_lines": 0, "num_statements": 0, "percent_covered": 100.0, "percent_covered_display": "100", "missing_lines": 0, "excluded_lines": 0, "percent_statements_covered": 100.0, "percent_statements_covered_display": "100"}, "missing_lines": [], "excluded_lines": []}, "BulkImportResult": {"executed_lines": [], "summary": {"covered_lines": 0, "num_statements": 0, "percent_covered": 100.0, "percent_covered_display": "100", "missing_lines": 0, "excluded_lines": 0, "percent_statements_covered": 100.0, "percent_statements_covered_display": "100"}, "missing_lines": [], "excluded_lines": []}, "": {"executed_lines": [1, 22, 23, 24, 26, 27, 28, 29, 32, 33, 39, 48, 49, 50, 51, 52, 53, 56, 59, 60, 61, 63, 64, 65, 68, 71, 72, 73, 76, 77, 78, 81, 84, 85, 86, 88, 89, 90, 93, 114, 115, 116, 130, 133, 134, 135, 138, 188, 191, 192, 203, 206, 209, 210, 222, 225, 233, 252, 255, 267, 268, 269, 270, 273, 274, 275, 276, 277, 280, 281, 282, 283, 284, 285, 288, 289, 290, 291, 292, 295, 296, 297, 298, 299, 300, 303, 304, 305, 306, 307, 308, 311, 312, 313, 314, 315, 318, 319, 320, 321, 322, 323, 324, 327, 328, 329, 330, 331, 332, 333, 334, 337, 338, 339, 340, 341, 342, 343, 344, 347, 348, 349, 350, 351, 352, 353, 354, 355, 356, 359, 360, 361, 362, 363, 364, 365, 366, 373, 420, 463, 507, 548, 592, 626, 657, 697, 737, 761, 782, 847, 848, 849, 850, 851, 852, 853, 856, 913, 980, 1069, 1154, 1257, 1271, 1274, 1275, 1278, 1279, 1282, 1283, 1284, 1286, 1287, 1290, 1291, 1293, 1296, 1299, 1500, 1555, 1585, 1590], "summary": {"covered_lines": 167, "num_statements": 485, "percent_covered": 34.43298969072165, "percent_covered_display": "34", "missing_lines": 318, "excluded_lines": 0, "percent_statements_covered": 34.43298969072165, "percent_statements_covered_display": "34"}, "missing_lines": [40, 41, 62, 74, 75, 87, 118, 119, 125, 126, 127, 148, 149, 152, 153, 154, 156, 157, 158, 159, 162, 168, 169, 172, 173, 174, 175, 176, 177, 182, 183, 185, 193, 194, 199, 200, 211, 212, 217, 218, 228, 229, 230, 258, 259, 260, 391, 393, 394, 400, 401, 406, 407, 412, 413, 432, 434, 435, 436, 437, 443, 445, 446, 448, 454, 455, 483, 485, 486, 493, 494, 499, 500, 519, 521, 522, 523, 524, 531, 533, 535, 540, 541, 564, 566, 567, 569, 570, 571, 572, 574, 575, 577, 583, 584, 604, 606, 607, 608, 610, 636, 638, 639, 640, 642, 648, 649, 669, 671, 672, 673, 675, 681, 682, 688, 689, 709, 711, 712, 713, 715, 721, 722, 728, 729, 744, 746, 747, 748, 753, 754, 768, 770, 796, 797, 799, 800, 801, 809, 810, 811, 813, 816, 819, 820, 824, 826, 833, 834, 875, 876, 881, 882, 884, 885, 890, 891, 892, 898, 905, 906, 932, 934, 936, 938, 939, 940, 947, 948, 951, 952, 953, 959, 960, 962, 969, 970, 996, 998, 1000, 1002, 1003, 1005, 1006, 1008, 1009, 1019, 1020, 1022, 1023, 1027, 1033, 1034, 1035, 1037, 1045, 1046, 1054, 1055, 1086, 1088, 1089, 1091, 1092, 1094, 1095, 1096, 1098, 1101, 1103, 1104, 1105, 1106, 1107, 1108, 1109, 1111, 1113, 1115, 1125, 1134, 1135, 1143, 1144, 1176, 1178, 1180, 1181, 1183, 1184, 1195, 1196, 1207, 1210, 1211, 1212, 1213, 1216, 1217, 1218, 1223, 1225, 1226, 1231, 1233, 1244, 1245, 1294, 1334, 1335, 1338, 1339, 1340, 1341, 1342, 1343, 1346, 1347, 1357, 1359, 1360, 1362, 1363, 1367, 1375, 1377, 1385, 1386, 1391, 1394, 1395, 1396, 1399, 1401, 1402, 1407, 1410, 1411, 1412, 1414, 1415, 1417, 1426, 1427, 1430, 1432, 1433, 1443, 1444, 1445, 1446, 1447, 1448, 1449, 1450, 1453, 1456, 1457, 1460, 1462, 1464, 1471, 1480, 1481, 1489, 1490, 1514, 1516, 1517, 1518, 1519, 1525, 1536, 1538, 1543, 1544, 1587, 1592], "excluded_lines": []}}}, "agents/tools_web.py": {"executed_lines": [1, 15, 16, 17, 18, 20, 21, 23, 26, 27, 28, 38, 39, 44, 45, 46, 47, 48, 51, 52, 57, 58, 59, 60, 67, 184, 270, 309], "summary": {"covered_lines": 25, "num_statements": 78, "percent_covered": 32.05128205128205, "percent_covered_display": "32", "missing_lines": 53, "excluded_lines": 0, "percent_statements_covered": 32.05128205128205, "percent_statements_covered_display": "32"}, "missing_lines": [29, 30, 31, 102, 103, 105, 113, 114, 115, 116, 123, 125, 129, 135, 137, 139, 142, 143, 144, 151, 153, 161, 162, 168, 170, 171, 172, 200, 203, 205, 206, 208, 210, 211, 212, 213, 214, 215, 216, 217, 219, 222, 237, 238, 247, 248, 255, 261, 262, 263, 291, 298, 316], "excluded_lines": [], "functions": {"search_web": {"executed_lines": [], "summary": {"covered_lines": 0, "num_statements": 24, "percent_covered": 0.0, "percent_covered_display": "0", "missing_lines": 24, "excluded_lines": 0, "percent_statements_covered": 0.0, "percent_statements_covered_display": "0"}, "missing_lines": [102, 103, 105, 113, 114, 115, 116, 123, 125, 129, 135, 137, 139, 142, 143, 144, 151, 153, 161, 162, 168, 170, 171, 172], "excluded_lines": []}, "_create_research_node": {"executed_lines": [], "summary": {"covered_lines": 0, "num_statements": 23, "percent_covered": 0.0, "percent_covered_display": "0", "missing_lines": 23, "excluded_lines": 0, "percent_statements_covered": 0.0, "percent_statements_covered_display": "0"}, "missing_lines": [200, 203, 205, 206, 208, 210, 211, 212, 213, 214, 215, 216, 217, 219, 222, 237, 238, 247, 248, 255, 261, 262, 263], "excluded_lines": []}, "create_research_from_results": {"executed_lines": [], "summary": {"covered_lines": 0, "num_statements": 2, "percent_covered": 0.0, "percent_covered_display": "0", "missing_lines": 2, "excluded_lines": 0, "percent_statements_covered": 0.0, "percent_statements_covered_display": "0"}, "missing_lines": [291, 298], "excluded_lines": []}, "check_tavily_config": {"executed_lines": [], "summary": {"covered_lines": 0, "num_statements": 1, "percent_covered": 0.0, "percent_covered_display": "0", "missing_lines": 1, "excluded_lines": 0, "percent_statements_covered": 0.0, "percent_statements_covered_display": "0"}, "missing_lines": [316], "excluded_lines": []}, "": {"executed_lines": [1, 15, 16, 17, 18, 20, 21, 23, 26, 27, 28, 38, 39, 44, 45, 46, 47, 48, 51, 52, 57, 58, 59, 60, 67, 184, 270, 309], "summary": {"covered_lines": 25, "num_statements": 28, "percent_covered": 89.28571428571429, "percent_covered_display": "89", "missing_lines": 3, "excluded_lines": 0, "percent_statements_covered": 89.28571428571429, "percent_statements_covered_display": "89"}, "missing_lines": [29, 30, 31], "excluded_lines": []}}, "classes": {"SearchResult": {"executed_lines": [], "summary": {"covered_lines": 0, "num_statements": 0, "percent_covered": 100.0, "percent_covered_display": "100", "missing_lines": 0, "excluded_lines": 0, "percent_statements_covered": 100.0, "percent_statements_covered_display": "100"}, "missing_lines": [], "excluded_lines": []}, "SearchResponse": {"executed_lines": [], "summary": {"covered_lines": 0, "num_statements": 0, "percent_covered": 100.0, "percent_covered_display": "100", "missing_lines": 0, "excluded_lines": 0, "percent_statements_covered": 100.0, "percent_statements_covered_display": "100"}, "missing_lines": [], "excluded_lines": []}, "": {"executed_lines": [1, 15, 16, 17, 18, 20, 21, 23, 26, 27, 28, 38, 39, 44, 45, 46, 47, 48, 51, 52, 57, 58, 59, 60, 67, 184, 270, 309], "summary": {"covered_lines": 25, "num_statements": 78, "percent_covered": 32.05128205128205, "percent_covered_display": "32", "missing_lines": 53, "excluded_lines": 0, "percent_statements_covered": 32.05128205128205, "percent_statements_covered_display": "32"}, "missing_lines": [29, 30, 31, 102, 103, 105, 113, 114, 115, 116, 123, 125, 129, 135, 137, 139, 142, 143, 144, 151, 153, 161, 162, 168, 170, 171, 172, 200, 203, 205, 206, 208, 210, 211, 212, 213, 214, 215, 216, 217, 219, 222, 237, 238, 247, 248, 255, 261, 262, 263, 291, 298, 316], "excluded_lines": []}}}}, "totals": {"covered_lines": 1168, "num_statements": 2764, "percent_covered": 42.2575976845152, "percent_covered_display": "42", "missing_lines": 1596, "excluded_lines": 0, "percent_statements_covered": 42.2575976845152, "percent_statements_covered_display": "42"}}